SF:lib/services/catalog_updater_service.dart
DA:29,1
DA:37,1
DA:43,1
DA:50,1
DA:60,1
DA:67,1
DA:75,0
DA:76,0
DA:77,0
DA:78,0
DA:79,0
DA:90,1
DA:96,2
DA:98,1
DA:105,1
DA:106,1
DA:110,2
DA:111,1
DA:113,1
DA:115,1
LF:20
LH:15
end_of_record
SF:lib/data/supabase/sync_service.dart
DA:12,0
DA:13,0
DA:14,0
DA:15,0
DA:16,0
DA:17,0
DA:18,0
DA:20,0
DA:25,0
DA:27,0
DA:28,0
DA:35,0
DA:36,0
DA:37,0
DA:41,0
DA:42,0
DA:43,0
DA:49,0
DA:50,0
DA:53,0
DA:58,0
DA:59,0
DA:60,0
DA:63,0
DA:65,0
DA:68,0
DA:69,0
DA:70,0
DA:71,0
DA:73,0
DA:75,0
DA:82,0
DA:83,0
DA:84,0
DA:92,0
DA:93,0
DA:94,0
DA:95,0
DA:96,0
DA:97,0
DA:101,0
DA:102,0
DA:106,0
DA:107,0
DA:110,0
DA:111,0
DA:115,0
DA:117,0
DA:118,0
DA:121,0
DA:122,0
DA:123,0
DA:125,0
DA:129,0
DA:130,0
DA:145,0
DA:149,0
DA:157,0
DA:158,0
DA:159,0
DA:160,0
DA:162,0
DA:163,0
DA:164,0
DA:165,0
DA:169,0
DA:170,0
DA:171,0
DA:179,0
LF:69
LH:0
end_of_record
SF:lib/data/database/core_database.g.dart
DA:11,10
DA:14,20
DA:16,10
DA:25,20
DA:27,10
DA:36,20
DA:38,10
DA:45,20
DA:47,10
DA:56,20
DA:58,10
DA:67,20
DA:69,10
DA:78,20
DA:80,10
DA:89,10
DA:90,10
DA:92,10
DA:101,20
DA:103,10
DA:111,10
DA:112,10
DA:114,10
DA:122,10
DA:123,10
DA:125,10
DA:134,20
DA:136,10
DA:145,20
DA:147,10
DA:156,20
DA:158,10
DA:167,20
DA:169,10
DA:178,20
DA:180,10
DA:189,20
DA:191,10
DA:199,10
DA:200,10
DA:202,10
DA:210,10
DA:211,10
DA:213,10
DA:220,20
DA:222,10
DA:231,20
DA:233,10
DA:242,20
DA:244,10
DA:253,20
DA:255,10
DA:263,10
DA:264,10
DA:266,10
DA:274,10
DA:275,10
DA:277,10
DA:286,10
DA:287,10
DA:289,10
DA:297,10
DA:298,10
DA:300,10
DA:308,10
DA:309,10
DA:311,10
DA:319,10
DA:320,10
DA:322,10
DA:331,20
DA:333,10
DA:341,10
DA:342,10
DA:344,10
DA:353,20
DA:355,10
DA:364,20
DA:366,10
DA:374,10
DA:375,10
DA:377,10
DA:386,20
DA:388,10
DA:397,20
DA:399,10
DA:408,20
DA:410,10
DA:419,20
DA:421,10
DA:430,20
DA:432,10
DA:441,20
DA:443,10
DA:452,20
DA:454,10
DA:463,20
DA:465,10
DA:474,20
DA:476,10
DA:484,20
DA:486,10
DA:494,20
DA:496,10
DA:504,20
DA:506,10
DA:515,20
DA:517,10
DA:526,20
DA:528,10
DA:537,20
DA:539,10
DA:548,20
DA:550,10
DA:559,20
DA:561,10
DA:570,20
DA:572,10
DA:580,20
DA:582,10
DA:590,20
DA:592,10
DA:600,20
DA:602,10
DA:611,20
DA:613,10
DA:622,20
DA:624,10
DA:631,20
DA:633,10
DA:642,20
DA:644,10
DA:651,20
DA:653,10
DA:661,10
DA:662,10
DA:664,10
DA:672,10
DA:673,10
DA:675,10
DA:683,20
DA:685,10
DA:694,20
DA:696,10
DA:704,20
DA:706,10
DA:715,20
DA:717,10
DA:726,20
DA:728,10
DA:737,20
DA:739,10
DA:748,20
DA:750,10
DA:759,20
DA:761,10
DA:769,10
DA:770,10
DA:772,10
DA:781,20
DA:783,10
DA:791,20
DA:793,10
DA:802,20
DA:804,10
DA:812,20
DA:814,10
DA:822,20
DA:824,10
DA:833,10
DA:834,10
DA:836,10
DA:845,20
DA:847,10
DA:855,10
DA:856,10
DA:858,10
DA:867,20
DA:869,10
DA:877,20
DA:879,10
DA:887,10
DA:888,10
DA:890,10
DA:899,20
DA:901,10
DA:910,20
DA:912,10
DA:920,10
DA:921,10
DA:923,10
DA:932,20
DA:934,10
DA:942,10
DA:943,10
DA:945,10
DA:954,10
DA:955,10
DA:957,10
DA:966,20
DA:968,10
DA:977,20
DA:979,10
DA:988,20
DA:990,10
DA:995,10
DA:996,10
DA:997,10
DA:998,10
DA:999,10
DA:1000,10
DA:1001,10
DA:1002,10
DA:1003,10
DA:1004,10
DA:1005,10
DA:1006,10
DA:1007,10
DA:1008,10
DA:1009,10
DA:1010,10
DA:1011,10
DA:1012,10
DA:1013,10
DA:1014,10
DA:1015,10
DA:1016,10
DA:1017,10
DA:1018,10
DA:1019,10
DA:1020,10
DA:1021,10
DA:1022,10
DA:1023,10
DA:1024,10
DA:1025,10
DA:1026,10
DA:1027,10
DA:1028,10
DA:1029,10
DA:1030,10
DA:1031,10
DA:1032,10
DA:1033,10
DA:1034,10
DA:1035,10
DA:1036,10
DA:1037,10
DA:1038,10
DA:1039,10
DA:1040,10
DA:1041,10
DA:1042,10
DA:1043,10
DA:1044,10
DA:1045,10
DA:1046,10
DA:1047,10
DA:1048,10
DA:1049,10
DA:1050,10
DA:1051,10
DA:1052,10
DA:1053,10
DA:1054,10
DA:1055,10
DA:1056,10
DA:1057,10
DA:1058,10
DA:1059,10
DA:1060,10
DA:1061,10
DA:1062,10
DA:1063,10
DA:1064,10
DA:1065,10
DA:1066,10
DA:1067,10
DA:1068,10
DA:1069,10
DA:1070,10
DA:1071,10
DA:1072,10
DA:1073,10
DA:1074,10
DA:1075,10
DA:1076,10
DA:1077,10
DA:1078,10
DA:1079,10
DA:1080,10
DA:1081,10
DA:1082,10
DA:1083,10
DA:1084,10
DA:1085,10
DA:1086,10
DA:1087,10
DA:1089,10
DA:1090,20
DA:1091,10
DA:1094,4
DA:1099,4
DA:1100,4
DA:1101,4
DA:1102,4
DA:1104,12
DA:1107,0
DA:1109,4
DA:1110,4
DA:1112,8
DA:1113,4
DA:1118,0
DA:1120,4
DA:1121,1
DA:1123,3
DA:1126,4
DA:1127,0
DA:1129,0
DA:1132,4
DA:1133,0
DA:1135,0
DA:1138,4
DA:1139,0
DA:1141,0
DA:1142,0
DA:1147,4
DA:1148,0
DA:1150,0
DA:1151,0
DA:1156,4
DA:1157,0
DA:1159,0
DA:1160,0
DA:1165,4
DA:1166,0
DA:1168,0
DA:1169,0
DA:1174,4
DA:1175,0
DA:1177,0
DA:1178,0
DA:1183,4
DA:1184,0
DA:1186,0
DA:1187,0
DA:1192,4
DA:1193,1
DA:1195,2
DA:1196,1
DA:1201,4
DA:1202,0
DA:1204,0
DA:1205,0
DA:1210,4
DA:1211,0
DA:1213,0
DA:1216,4
DA:1217,0
DA:1219,0
DA:1220,0
DA:1225,4
DA:1226,1
DA:1228,2
DA:1229,1
DA:1234,4
DA:1235,0
DA:1237,0
DA:1238,0
DA:1243,4
DA:1244,0
DA:1246,0
DA:1247,0
DA:1252,4
DA:1253,1
DA:1255,2
DA:1256,1
DA:1261,4
DA:1262,0
DA:1264,0
DA:1267,4
DA:1268,1
DA:1270,3
DA:1273,4
DA:1274,0
DA:1276,0
DA:1277,0
DA:1282,4
DA:1283,0
DA:1285,0
DA:1286,0
DA:1291,4
DA:1292,0
DA:1294,0
DA:1295,0
DA:1300,4
DA:1301,0
DA:1303,0
DA:1304,0
DA:1309,4
DA:1310,0
DA:1312,0
DA:1313,0
DA:1318,4
DA:1319,0
DA:1321,0
DA:1322,0
DA:1327,4
DA:1328,0
DA:1330,0
DA:1331,0
DA:1336,4
DA:1337,0
DA:1339,0
DA:1340,0
DA:1345,4
DA:1346,0
DA:1348,0
DA:1349,0
DA:1354,4
DA:1355,0
DA:1357,0
DA:1358,0
DA:1363,4
DA:1364,0
DA:1366,0
DA:1367,0
DA:1372,4
DA:1373,0
DA:1375,0
DA:1376,0
DA:1381,4
DA:1382,0
DA:1384,0
DA:1385,0
DA:1390,4
DA:1391,0
DA:1393,0
DA:1394,0
DA:1399,4
DA:1400,0
DA:1402,0
DA:1403,0
DA:1408,4
DA:1409,0
DA:1411,0
DA:1412,0
DA:1417,4
DA:1418,0
DA:1420,0
DA:1421,0
DA:1426,4
DA:1427,0
DA:1429,0
DA:1432,4
DA:1433,0
DA:1435,0
DA:1438,4
DA:1439,0
DA:1441,0
DA:1442,0
DA:1447,4
DA:1448,0
DA:1450,0
DA:1453,4
DA:1454,0
DA:1456,0
DA:1459,4
DA:1460,0
DA:1462,0
DA:1463,0
DA:1468,4
DA:1469,1
DA:1471,2
DA:1472,1
DA:1477,4
DA:1478,0
DA:1480,0
DA:1481,0
DA:1486,4
DA:1487,0
DA:1489,0
DA:1490,0
DA:1495,4
DA:1496,0
DA:1498,0
DA:1499,0
DA:1504,4
DA:1505,0
DA:1507,0
DA:1508,0
DA:1513,4
DA:1514,0
DA:1516,0
DA:1517,0
DA:1522,4
DA:1523,0
DA:1525,0
DA:1526,0
DA:1531,4
DA:1532,0
DA:1534,0
DA:1535,0
DA:1540,4
DA:1541,0
DA:1543,0
DA:1544,0
DA:1549,4
DA:1550,0
DA:1552,0
DA:1553,0
DA:1558,4
DA:1559,0
DA:1561,0
DA:1562,0
DA:1567,4
DA:1568,0
DA:1570,0
DA:1571,0
DA:1576,4
DA:1577,0
DA:1579,0
DA:1580,0
DA:1585,4
DA:1586,0
DA:1588,0
DA:1591,4
DA:1592,0
DA:1594,0
DA:1595,0
DA:1600,4
DA:1601,0
DA:1603,0
DA:1606,4
DA:1607,0
DA:1609,0
DA:1610,0
DA:1615,4
DA:1616,0
DA:1618,0
DA:1619,0
DA:1624,4
DA:1625,0
DA:1627,0
DA:1628,0
DA:1633,4
DA:1634,0
DA:1636,0
DA:1637,0
DA:1642,4
DA:1643,0
DA:1645,0
DA:1646,0
DA:1651,4
DA:1652,0
DA:1654,0
DA:1657,4
DA:1658,0
DA:1660,0
DA:1661,0
DA:1666,4
DA:1667,0
DA:1669,0
DA:1670,0
DA:1675,4
DA:1676,0
DA:1678,0
DA:1679,0
DA:1684,4
DA:1685,1
DA:1687,2
DA:1688,1
DA:1693,4
DA:1694,0
DA:1696,0
DA:1697,0
DA:1702,4
DA:1703,0
DA:1705,0
DA:1706,0
DA:1711,4
DA:1712,0
DA:1714,0
DA:1715,0
DA:1720,4
DA:1721,0
DA:1723,0
DA:1724,0
DA:1729,4
DA:1730,0
DA:1732,0
DA:1733,0
DA:1738,4
DA:1739,0
DA:1741,0
DA:1742,0
DA:1747,4
DA:1748,2
DA:1750,4
DA:1751,2
DA:1756,4
DA:1757,0
DA:1759,0
DA:1760,0
DA:1765,4
DA:1766,0
DA:1768,0
DA:1769,0
DA:1774,4
DA:1775,0
DA:1777,0
DA:1778,0
DA:1783,4
DA:1784,0
DA:1786,0
DA:1787,0
DA:1792,4
DA:1793,0
DA:1795,0
DA:1796,0
DA:1801,4
DA:1802,0
DA:1804,0
DA:1805,0
DA:1810,4
DA:1811,0
DA:1813,0
DA:1814,0
DA:1819,4
DA:1820,0
DA:1822,0
DA:1823,0
DA:1828,4
DA:1829,0
DA:1831,0
DA:1832,0
DA:1837,4
DA:1838,0
DA:1840,0
DA:1841,0
DA:1846,4
DA:1847,0
DA:1849,0
DA:1850,0
DA:1855,4
DA:1856,0
DA:1858,0
DA:1861,4
DA:1862,4
DA:1864,8
DA:1865,4
DA:1870,0
DA:1872,4
DA:1873,4
DA:1875,12
DA:1878,0
DA:1883,10
DA:1884,10
DA:1885,3
DA:1887,0
DA:1888,3
DA:1889,9
DA:1891,6
DA:1893,9
DA:1895,6
DA:1897,9
DA:1899,6
DA:1901,9
DA:1903,6
DA:1905,9
DA:1907,6
DA:1909,9
DA:1911,6
DA:1913,9
DA:1915,6
DA:1917,9
DA:1919,6
DA:1921,9
DA:1923,6
DA:1925,9
DA:1927,6
DA:1929,9
DA:1931,6
DA:1933,9
DA:1935,6
DA:1937,9
DA:1939,6
DA:1941,9
DA:1943,6
DA:1945,9
DA:1947,6
DA:1949,9
DA:1951,6
DA:1953,9
DA:1955,6
DA:1957,9
DA:1959,6
DA:1961,9
DA:1963,6
DA:1965,9
DA:1967,6
DA:1969,9
DA:1971,6
DA:1973,9
DA:1975,6
DA:1977,9
DA:1979,6
DA:1981,9
DA:1983,6
DA:1985,9
DA:1987,6
DA:1989,9
DA:1991,6
DA:1993,9
DA:1995,6
DA:1997,9
DA:1999,6
DA:2001,9
DA:2003,6
DA:2005,9
DA:2007,6
DA:2009,9
DA:2011,6
DA:2013,9
DA:2015,6
DA:2017,9
DA:2019,6
DA:2021,9
DA:2023,6
DA:2025,9
DA:2027,6
DA:2029,9
DA:2031,6
DA:2033,9
DA:2035,6
DA:2037,9
DA:2039,6
DA:2041,9
DA:2043,6
DA:2045,9
DA:2047,6
DA:2049,9
DA:2051,6
DA:2053,9
DA:2055,6
DA:2057,9
DA:2059,6
DA:2061,9
DA:2063,6
DA:2065,9
DA:2067,6
DA:2069,9
DA:2071,6
DA:2073,9
DA:2075,6
DA:2077,9
DA:2079,6
DA:2081,9
DA:2083,6
DA:2085,9
DA:2087,6
DA:2089,9
DA:2091,6
DA:2093,9
DA:2095,6
DA:2097,9
DA:2099,6
DA:2101,9
DA:2103,6
DA:2105,9
DA:2107,6
DA:2109,9
DA:2111,6
DA:2113,9
DA:2115,6
DA:2117,9
DA:2119,6
DA:2121,9
DA:2123,6
DA:2125,9
DA:2127,6
DA:2129,9
DA:2131,6
DA:2133,9
DA:2135,6
DA:2137,9
DA:2139,6
DA:2141,9
DA:2143,6
DA:2145,9
DA:2147,6
DA:2149,9
DA:2151,6
DA:2153,9
DA:2155,6
DA:2157,9
DA:2159,6
DA:2161,9
DA:2163,6
DA:2165,9
DA:2167,6
DA:2169,9
DA:2171,6
DA:2173,9
DA:2175,6
DA:2177,9
DA:2179,6
DA:2181,9
DA:2183,6
DA:2185,9
DA:2187,6
DA:2189,9
DA:2191,6
DA:2193,9
DA:2195,6
DA:2197,9
DA:2199,6
DA:2201,9
DA:2203,6
DA:2205,9
DA:2207,6
DA:2209,9
DA:2211,6
DA:2213,9
DA:2215,6
DA:2217,9
DA:2219,6
DA:2221,9
DA:2223,6
DA:2225,9
DA:2227,6
DA:2229,9
DA:2231,6
DA:2233,9
DA:2235,6
DA:2237,9
DA:2239,6
DA:2241,9
DA:2243,6
DA:2245,9
DA:2247,6
DA:2249,9
DA:2251,6
DA:2256,0
DA:2258,0
DA:2355,5
DA:2448,0
DA:2450,0
DA:2451,0
DA:2452,0
DA:2453,0
DA:2454,0
DA:2456,0
DA:2457,0
DA:2459,0
DA:2460,0
DA:2462,0
DA:2463,0
DA:2465,0
DA:2466,0
DA:2468,0
DA:2469,0
DA:2471,0
DA:2472,0
DA:2474,0
DA:2475,0
DA:2476,0
DA:2479,0
DA:2480,0
DA:2482,0
DA:2483,0
DA:2485,0
DA:2486,0
DA:2488,0
DA:2489,0
DA:2491,0
DA:2492,0
DA:2494,0
DA:2495,0
DA:2497,0
DA:2498,0
DA:2500,0
DA:2501,0
DA:2502,0
DA:2505,0
DA:2506,0
DA:2508,0
DA:2509,0
DA:2511,0
DA:2512,0
DA:2514,0
DA:2515,0
DA:2517,0
DA:2518,0
DA:2520,0
DA:2521,0
DA:2522,0
DA:2525,0
DA:2526,0
DA:2527,0
DA:2530,0
DA:2531,0
DA:2533,0
DA:2534,0
DA:2536,0
DA:2537,0
DA:2539,0
DA:2540,0
DA:2541,0
DA:2544,0
DA:2545,0
DA:2547,0
DA:2548,0
DA:2550,0
DA:2551,0
DA:2553,0
DA:2554,0
DA:2556,0
DA:2557,0
DA:2559,0
DA:2560,0
DA:2562,0
DA:2563,0
DA:2565,0
DA:2566,0
DA:2568,0
DA:2569,0
DA:2571,0
DA:2572,0
DA:2574,0
DA:2575,0
DA:2577,0
DA:2578,0
DA:2580,0
DA:2581,0
DA:2583,0
DA:2584,0
DA:2586,0
DA:2587,0
DA:2589,0
DA:2590,0
DA:2592,0
DA:2593,0
DA:2595,0
DA:2596,0
DA:2598,0
DA:2599,0
DA:2601,0
DA:2602,0
DA:2604,0
DA:2605,0
DA:2607,0
DA:2608,0
DA:2610,0
DA:2611,0
DA:2613,0
DA:2614,0
DA:2616,0
DA:2617,0
DA:2619,0
DA:2620,0
DA:2622,0
DA:2623,0
DA:2625,0
DA:2626,0
DA:2628,0
DA:2629,0
DA:2631,0
DA:2632,0
DA:2634,0
DA:2635,0
DA:2637,0
DA:2638,0
DA:2640,0
DA:2641,0
DA:2643,0
DA:2644,0
DA:2646,0
DA:2647,0
DA:2649,0
DA:2650,0
DA:2652,0
DA:2653,0
DA:2655,0
DA:2656,0
DA:2658,0
DA:2659,0
DA:2661,0
DA:2662,0
DA:2664,0
DA:2665,0
DA:2667,0
DA:2668,0
DA:2670,0
DA:2671,0
DA:2673,0
DA:2674,0
DA:2676,0
DA:2677,0
DA:2679,0
DA:2680,0
DA:2682,0
DA:2683,0
DA:2685,0
DA:2686,0
DA:2688,0
DA:2689,0
DA:2691,0
DA:2692,0
DA:2694,0
DA:2695,0
DA:2697,0
DA:2698,0
DA:2700,0
DA:2701,0
DA:2703,0
DA:2704,0
DA:2706,0
DA:2707,0
DA:2709,0
DA:2710,0
DA:2712,0
DA:2713,0
DA:2715,0
DA:2716,0
DA:2718,0
DA:2719,0
DA:2721,0
DA:2722,0
DA:2724,0
DA:2725,0
DA:2729,0
DA:2730,0
DA:2731,0
DA:2732,0
DA:2733,0
DA:2735,0
DA:2736,0
DA:2738,0
DA:2739,0
DA:2741,0
DA:2742,0
DA:2744,0
DA:2745,0
DA:2747,0
DA:2748,0
DA:2750,0
DA:2751,0
DA:2753,0
DA:2754,0
DA:2756,0
DA:2757,0
DA:2759,0
DA:2760,0
DA:2762,0
DA:2763,0
DA:2765,0
DA:2766,0
DA:2768,0
DA:2769,0
DA:2771,0
DA:2772,0
DA:2774,0
DA:2775,0
DA:2777,0
DA:2779,0
DA:2781,0
DA:2782,0
DA:2784,0
DA:2785,0
DA:2787,0
DA:2788,0
DA:2790,0
DA:2791,0
DA:2793,0
DA:2794,0
DA:2796,0
DA:2797,0
DA:2799,0
DA:2801,0
DA:2803,0
DA:2804,0
DA:2806,0
DA:2807,0
DA:2809,0
DA:2810,0
DA:2812,0
DA:2813,0
DA:2815,0
DA:2816,0
DA:2818,0
DA:2819,0
DA:2821,0
DA:2822,0
DA:2824,0
DA:2825,0
DA:2827,0
DA:2828,0
DA:2830,0
DA:2831,0
DA:2833,0
DA:2834,0
DA:2836,0
DA:2837,0
DA:2839,0
DA:2840,0
DA:2842,0
DA:2843,0
DA:2845,0
DA:2846,0
DA:2848,0
DA:2849,0
DA:2851,0
DA:2852,0
DA:2854,0
DA:2855,0
DA:2857,0
DA:2858,0
DA:2860,0
DA:2861,0
DA:2863,0
DA:2864,0
DA:2866,0
DA:2867,0
DA:2869,0
DA:2870,0
DA:2872,0
DA:2873,0
DA:2875,0
DA:2876,0
DA:2878,0
DA:2879,0
DA:2881,0
DA:2882,0
DA:2884,0
DA:2885,0
DA:2887,0
DA:2888,0
DA:2890,0
DA:2891,0
DA:2893,0
DA:2894,0
DA:2896,0
DA:2897,0
DA:2899,0
DA:2900,0
DA:2902,0
DA:2903,0
DA:2905,0
DA:2906,0
DA:2908,0
DA:2909,0
DA:2911,0
DA:2912,0
DA:2914,0
DA:2915,0
DA:2917,0
DA:2918,0
DA:2920,0
DA:2921,0
DA:2923,0
DA:2924,0
DA:2926,0
DA:2927,0
DA:2929,0
DA:2930,0
DA:2932,0
DA:2933,0
DA:2935,0
DA:2936,0
DA:2938,0
DA:2939,0
DA:2941,0
DA:2942,0
DA:2944,0
DA:2945,0
DA:2947,0
DA:2948,0
DA:2950,0
DA:2951,0
DA:2953,0
DA:2954,0
DA:2956,0
DA:2957,0
DA:2959,0
DA:2960,0
DA:2962,0
DA:2963,0
DA:2965,0
DA:2966,0
DA:2968,0
DA:2969,0
DA:2971,0
DA:2972,0
DA:2974,0
DA:2975,0
DA:2977,0
DA:2978,0
DA:2980,0
DA:2981,0
DA:2983,0
DA:2984,0
DA:2986,0
DA:2987,0
DA:2989,0
DA:2990,0
DA:2992,0
DA:2993,0
DA:2995,0
DA:2996,0
DA:2997,0
DA:3001,0
DA:3005,0
DA:3006,0
DA:3007,0
DA:3008,0
DA:3009,0
DA:3010,0
DA:3011,0
DA:3012,0
DA:3013,0
DA:3014,0
DA:3015,0
DA:3017,0
DA:3018,0
DA:3019,0
DA:3021,0
DA:3022,0
DA:3024,0
DA:3025,0
DA:3026,0
DA:3027,0
DA:3028,0
DA:3029,0
DA:3030,0
DA:3031,0
DA:3033,0
DA:3034,0
DA:3036,0
DA:3037,0
DA:3038,0
DA:3039,0
DA:3040,0
DA:3041,0
DA:3043,0
DA:3044,0
DA:3046,0
DA:3047,0
DA:3049,0
DA:3050,0
DA:3052,0
DA:3053,0
DA:3055,0
DA:3056,0
DA:3058,0
DA:3059,0
DA:3060,0
DA:3062,0
DA:3063,0
DA:3064,0
DA:3065,0
DA:3067,0
DA:3068,0
DA:3069,0
DA:3070,0
DA:3071,0
DA:3072,0
DA:3073,0
DA:3074,0
DA:3075,0
DA:3076,0
DA:3077,0
DA:3078,0
DA:3080,0
DA:3081,0
DA:3083,0
DA:3084,0
DA:3085,0
DA:3086,0
DA:3087,0
DA:3088,0
DA:3089,0
DA:3090,0
DA:3092,0
DA:3093,0
DA:3095,0
DA:3096,0
DA:3098,0
DA:3099,0
DA:3100,0
DA:3101,0
DA:3102,0
DA:3103,0
DA:3104,0
DA:3106,0
DA:3107,0
DA:3109,0
DA:3110,0
DA:3111,0
DA:3112,0
DA:3114,0
DA:3115,0
DA:3116,0
DA:3117,0
DA:3118,0
DA:3119,0
DA:3120,0
DA:3122,0
DA:3123,0
DA:3124,0
DA:3125,0
DA:3126,0
DA:3127,0
DA:3128,0
DA:3130,0
DA:3131,0
DA:3132,0
DA:3134,0
DA:3135,0
DA:3136,0
DA:3138,0
DA:3139,0
DA:3141,0
DA:3142,0
DA:3143,0
DA:3144,0
DA:3146,0
DA:3147,0
DA:3148,0
DA:3150,0
DA:3151,0
DA:3153,0
DA:3154,0
DA:3155,0
DA:3158,0
DA:3160,0
DA:3161,0
DA:3162,0
DA:3163,0
DA:3164,0
DA:3165,0
DA:3166,0
DA:3167,0
DA:3168,0
DA:3169,0
DA:3170,0
DA:3171,0
DA:3172,0
DA:3174,0
DA:3175,0
DA:3176,0
DA:3177,0
DA:3178,0
DA:3179,0
DA:3180,0
DA:3181,0
DA:3182,0
DA:3184,0
DA:3185,0
DA:3186,0
DA:3187,0
DA:3188,0
DA:3189,0
DA:3190,0
DA:3192,0
DA:3193,0
DA:3195,0
DA:3196,0
DA:3197,0
DA:3198,0
DA:3200,0
DA:3201,0
DA:3203,0
DA:3204,0
DA:3205,0
DA:3206,0
DA:3207,0
DA:3208,0
DA:3209,0
DA:3210,0
DA:3211,0
DA:3212,0
DA:3213,0
DA:3214,0
DA:3215,0
DA:3216,0
DA:3217,0
DA:3218,0
DA:3219,0
DA:3220,0
DA:3221,0
DA:3222,0
DA:3223,0
DA:3224,0
DA:3225,0
DA:3226,0
DA:3227,0
DA:3228,0
DA:3229,0
DA:3230,0
DA:3231,0
DA:3232,0
DA:3233,0
DA:3234,0
DA:3235,0
DA:3237,0
DA:3238,0
DA:3239,0
DA:3240,0
DA:3241,0
DA:3242,0
DA:3243,0
DA:3244,0
DA:3245,0
DA:3246,0
DA:3247,0
DA:3248,0
DA:3249,0
DA:3250,0
DA:3251,0
DA:3252,0
DA:3253,0
DA:3254,0
DA:3255,0
DA:3256,0
DA:3257,0
DA:3258,0
DA:3259,0
DA:3260,0
DA:3261,0
DA:3262,0
DA:3263,0
DA:3264,0
DA:3265,0
DA:3266,0
DA:3270,0
DA:3362,0
DA:3363,0
DA:3364,0
DA:3365,0
DA:3366,0
DA:3367,0
DA:3368,0
DA:3369,0
DA:3370,0
DA:3371,0
DA:3372,0
DA:3373,0
DA:3374,0
DA:3375,0
DA:3376,0
DA:3377,0
DA:3378,0
DA:3379,0
DA:3380,0
DA:3381,0
DA:3382,0
DA:3383,0
DA:3384,0
DA:3385,0
DA:3386,0
DA:3387,0
DA:3388,0
DA:3389,0
DA:3390,0
DA:3391,0
DA:3392,0
DA:3393,0
DA:3394,0
DA:3395,0
DA:3396,0
DA:3397,0
DA:3398,0
DA:3399,0
DA:3400,0
DA:3401,0
DA:3402,0
DA:3403,0
DA:3404,0
DA:3405,0
DA:3406,0
DA:3407,0
DA:3408,0
DA:3409,0
DA:3410,0
DA:3411,0
DA:3412,0
DA:3413,0
DA:3414,0
DA:3415,0
DA:3416,0
DA:3417,0
DA:3418,0
DA:3419,0
DA:3420,0
DA:3421,0
DA:3422,0
DA:3423,0
DA:3424,0
DA:3425,0
DA:3426,0
DA:3427,0
DA:3428,0
DA:3429,0
DA:3430,0
DA:3431,0
DA:3432,0
DA:3433,0
DA:3434,0
DA:3435,0
DA:3436,0
DA:3437,0
DA:3438,0
DA:3439,0
DA:3440,0
DA:3441,0
DA:3442,0
DA:3443,0
DA:3444,0
DA:3445,0
DA:3446,0
DA:3447,0
DA:3448,0
DA:3449,0
DA:3450,0
DA:3451,0
DA:3452,0
DA:3453,0
DA:3454,0
DA:3455,0
DA:3456,0
DA:3457,0
DA:3458,0
DA:3459,0
DA:3460,0
DA:3461,0
DA:3462,0
DA:3463,0
DA:3464,0
DA:3465,0
DA:3466,0
DA:3467,0
DA:3468,0
DA:3469,0
DA:3470,0
DA:3471,0
DA:3472,0
DA:3473,0
DA:3474,0
DA:3475,0
DA:3476,0
DA:3477,0
DA:3478,0
DA:3479,0
DA:3480,0
DA:3481,0
DA:3482,0
DA:3483,0
DA:3484,0
DA:3485,0
DA:3486,0
DA:3487,0
DA:3488,0
DA:3489,0
DA:3490,0
DA:3491,0
DA:3492,0
DA:3493,0
DA:3494,0
DA:3495,0
DA:3496,0
DA:3497,0
DA:3498,0
DA:3499,0
DA:3500,0
DA:3501,0
DA:3502,0
DA:3503,0
DA:3504,0
DA:3505,0
DA:3506,0
DA:3507,0
DA:3508,0
DA:3509,0
DA:3510,0
DA:3511,0
DA:3512,0
DA:3513,0
DA:3514,0
DA:3515,0
DA:3516,0
DA:3517,0
DA:3518,0
DA:3519,0
DA:3520,0
DA:3521,0
DA:3522,0
DA:3523,0
DA:3524,0
DA:3525,0
DA:3526,0
DA:3527,0
DA:3528,0
DA:3529,0
DA:3530,0
DA:3531,0
DA:3532,0
DA:3533,0
DA:3534,0
DA:3535,0
DA:3536,0
DA:3537,0
DA:3538,0
DA:3539,0
DA:3540,0
DA:3541,0
DA:3542,0
DA:3543,0
DA:3544,0
DA:3545,0
DA:3546,0
DA:3547,0
DA:3548,0
DA:3549,0
DA:3550,0
DA:3551,0
DA:3552,0
DA:3553,0
DA:3554,0
DA:3555,0
DA:3556,0
DA:3557,0
DA:3558,0
DA:3559,0
DA:3560,0
DA:3561,0
DA:3562,0
DA:3563,0
DA:3564,0
DA:3565,0
DA:3566,0
DA:3567,0
DA:3568,0
DA:3569,0
DA:3570,0
DA:3571,0
DA:3572,0
DA:3573,0
DA:3574,0
DA:3575,0
DA:3576,0
DA:3577,0
DA:3578,0
DA:3579,0
DA:3580,0
DA:3581,0
DA:3583,0
DA:3584,0
DA:3585,0
DA:3586,0
DA:3587,0
DA:3588,0
DA:3589,0
DA:3590,0
DA:3591,0
DA:3592,0
DA:3593,0
DA:3594,0
DA:3595,0
DA:3596,0
DA:3597,0
DA:3598,0
DA:3599,0
DA:3600,0
DA:3601,0
DA:3602,0
DA:3603,0
DA:3604,0
DA:3605,0
DA:3606,0
DA:3607,0
DA:3608,0
DA:3609,0
DA:3610,0
DA:3611,0
DA:3612,0
DA:3613,0
DA:3614,0
DA:3615,0
DA:3616,0
DA:3617,0
DA:3618,0
DA:3619,0
DA:3620,0
DA:3621,0
DA:3622,0
DA:3623,0
DA:3624,0
DA:3625,0
DA:3626,0
DA:3627,0
DA:3628,0
DA:3629,0
DA:3630,0
DA:3631,0
DA:3632,0
DA:3633,0
DA:3634,0
DA:3635,0
DA:3636,0
DA:3637,0
DA:3638,0
DA:3639,0
DA:3640,0
DA:3641,0
DA:3642,0
DA:3643,0
DA:3644,0
DA:3645,0
DA:3646,0
DA:3647,0
DA:3648,0
DA:3649,0
DA:3650,0
DA:3651,0
DA:3652,0
DA:3653,0
DA:3654,0
DA:3655,0
DA:3656,0
DA:3657,0
DA:3658,0
DA:3659,0
DA:3660,0
DA:3661,0
DA:3662,0
DA:3663,0
DA:3664,0
DA:3665,0
DA:3666,0
DA:3667,0
DA:3668,0
DA:3669,0
DA:3670,0
DA:3671,0
DA:3672,0
DA:3673,0
DA:3674,0
DA:3675,0
DA:3676,0
DA:3677,0
DA:3678,0
DA:3679,0
DA:3680,0
DA:3681,0
DA:3682,0
DA:3683,0
DA:3684,0
DA:3685,0
DA:3686,0
DA:3687,0
DA:3688,0
DA:3689,0
DA:3690,0
DA:3691,0
DA:3692,0
DA:3693,0
DA:3694,0
DA:3695,0
DA:3696,0
DA:3697,0
DA:3698,0
DA:3699,0
DA:3700,0
DA:3701,0
DA:3702,0
DA:3703,0
DA:3704,0
DA:3705,0
DA:3706,0
DA:3707,0
DA:3708,0
DA:3709,0
DA:3710,0
DA:3711,0
DA:3712,0
DA:3713,0
DA:3714,0
DA:3715,0
DA:3716,0
DA:3717,0
DA:3718,0
DA:3719,0
DA:3720,0
DA:3721,0
DA:3722,0
DA:3723,0
DA:3724,0
DA:3725,0
DA:3726,0
DA:3727,0
DA:3728,0
DA:3729,0
DA:3730,0
DA:3731,0
DA:3732,0
DA:3733,0
DA:3734,0
DA:3735,0
DA:3736,0
DA:3737,0
DA:3738,0
DA:3739,0
DA:3740,0
DA:3741,0
DA:3742,0
DA:3743,0
DA:3744,0
DA:3745,0
DA:3746,0
DA:3747,0
DA:3748,0
DA:3749,0
DA:3750,0
DA:3751,0
DA:3752,0
DA:3753,0
DA:3754,0
DA:3755,0
DA:3756,0
DA:3757,0
DA:3758,0
DA:3759,0
DA:3760,0
DA:3761,0
DA:3762,0
DA:3763,0
DA:3764,0
DA:3765,0
DA:3766,0
DA:3767,0
DA:3768,0
DA:3769,0
DA:3770,0
DA:3771,0
DA:3772,0
DA:3773,0
DA:3774,0
DA:3775,0
DA:3776,0
DA:3777,0
DA:3778,0
DA:3779,0
DA:3780,0
DA:3781,0
DA:3782,0
DA:3783,0
DA:3784,0
DA:3785,0
DA:3786,0
DA:3787,0
DA:3788,0
DA:3789,0
DA:3790,0
DA:3791,0
DA:3792,0
DA:3793,0
DA:3794,0
DA:3795,0
DA:3796,0
DA:3797,0
DA:3798,0
DA:3799,0
DA:3800,0
DA:3801,0
DA:3802,0
DA:3803,0
DA:3804,0
DA:3805,0
DA:3806,0
DA:3807,0
DA:3808,0
DA:3809,0
DA:3810,0
DA:3811,0
DA:3812,0
DA:3813,0
DA:3814,0
DA:3815,0
DA:3816,0
DA:3817,0
DA:3818,0
DA:3819,0
DA:3820,0
DA:3821,0
DA:3822,0
DA:3823,0
DA:3824,0
DA:3825,0
DA:3826,0
DA:3827,0
DA:3828,0
DA:3829,0
DA:3830,0
DA:3831,0
DA:3832,0
DA:3833,0
DA:3837,0
DA:3839,0
DA:3840,0
DA:3841,0
DA:3842,0
DA:3843,0
DA:3844,0
DA:3845,0
DA:3846,0
DA:3847,0
DA:3848,0
DA:3849,0
DA:3850,0
DA:3851,0
DA:3852,0
DA:3853,0
DA:3854,0
DA:3855,0
DA:3856,0
DA:3857,0
DA:3858,0
DA:3859,0
DA:3860,0
DA:3861,0
DA:3862,0
DA:3863,0
DA:3864,0
DA:3865,0
DA:3866,0
DA:3867,0
DA:3868,0
DA:3869,0
DA:3870,0
DA:3871,0
DA:3872,0
DA:3873,0
DA:3874,0
DA:3875,0
DA:3876,0
DA:3877,0
DA:3878,0
DA:3879,0
DA:3880,0
DA:3881,0
DA:3882,0
DA:3883,0
DA:3884,0
DA:3885,0
DA:3886,0
DA:3887,0
DA:3888,0
DA:3889,0
DA:3890,0
DA:3891,0
DA:3892,0
DA:3893,0
DA:3894,0
DA:3895,0
DA:3896,0
DA:3897,0
DA:3898,0
DA:3899,0
DA:3900,0
DA:3901,0
DA:3902,0
DA:3903,0
DA:3904,0
DA:3905,0
DA:3906,0
DA:3907,0
DA:3908,0
DA:3909,0
DA:3910,0
DA:3911,0
DA:3912,0
DA:3913,0
DA:3914,0
DA:3915,0
DA:3916,0
DA:3917,0
DA:3918,0
DA:3919,0
DA:3920,0
DA:3921,0
DA:3922,0
DA:3923,0
DA:3924,0
DA:3925,0
DA:3926,0
DA:3927,0
DA:3928,0
DA:3929,0
DA:3930,0
DA:3931,0
DA:3932,0
DA:3935,0
DA:3936,0
DA:3937,0
DA:3938,0
DA:3939,0
DA:3940,0
DA:3941,0
DA:3942,0
DA:3943,0
DA:3944,0
DA:3945,0
DA:3946,0
DA:3947,0
DA:3948,0
DA:3949,0
DA:3950,0
DA:3951,0
DA:3952,0
DA:3953,0
DA:3954,0
DA:3955,0
DA:3956,0
DA:3957,0
DA:3958,0
DA:3959,0
DA:3960,0
DA:3961,0
DA:3962,0
DA:3963,0
DA:3964,0
DA:3965,0
DA:3966,0
DA:3967,0
DA:3968,0
DA:3969,0
DA:3970,0
DA:3971,0
DA:3972,0
DA:3973,0
DA:3974,0
DA:3975,0
DA:3976,0
DA:3977,0
DA:3978,0
DA:3979,0
DA:3980,0
DA:3981,0
DA:3982,0
DA:3983,0
DA:3984,0
DA:3985,0
DA:3986,0
DA:3987,0
DA:3988,0
DA:3989,0
DA:3990,0
DA:3991,0
DA:3992,0
DA:3993,0
DA:3994,0
DA:3995,0
DA:3996,0
DA:3997,0
DA:3998,0
DA:3999,0
DA:4000,0
DA:4001,0
DA:4002,0
DA:4003,0
DA:4004,0
DA:4005,0
DA:4006,0
DA:4007,0
DA:4008,0
DA:4009,0
DA:4010,0
DA:4011,0
DA:4012,0
DA:4013,0
DA:4014,0
DA:4015,0
DA:4016,0
DA:4017,0
DA:4018,0
DA:4019,0
DA:4020,0
DA:4021,0
DA:4022,0
DA:4023,0
DA:4024,0
DA:4025,0
DA:4026,0
DA:4027,0
DA:4029,0
DA:4032,0
DA:4033,0
DA:4034,0
DA:4035,0
DA:4036,0
DA:4037,0
DA:4038,0
DA:4039,0
DA:4040,0
DA:4041,0
DA:4042,0
DA:4043,0
DA:4044,0
DA:4045,0
DA:4046,0
DA:4047,0
DA:4048,0
DA:4049,0
DA:4050,0
DA:4051,0
DA:4052,0
DA:4053,0
DA:4054,0
DA:4055,0
DA:4056,0
DA:4057,0
DA:4058,0
DA:4059,0
DA:4060,0
DA:4061,0
DA:4062,0
DA:4063,0
DA:4064,0
DA:4065,0
DA:4066,0
DA:4067,0
DA:4068,0
DA:4069,0
DA:4070,0
DA:4071,0
DA:4072,0
DA:4073,0
DA:4074,0
DA:4075,0
DA:4076,0
DA:4077,0
DA:4078,0
DA:4079,0
DA:4080,0
DA:4081,0
DA:4082,0
DA:4083,0
DA:4084,0
DA:4085,0
DA:4086,0
DA:4087,0
DA:4088,0
DA:4089,0
DA:4090,0
DA:4091,0
DA:4092,0
DA:4093,0
DA:4094,0
DA:4095,0
DA:4096,0
DA:4097,0
DA:4098,0
DA:4099,0
DA:4100,0
DA:4101,0
DA:4102,0
DA:4103,0
DA:4104,0
DA:4105,0
DA:4106,0
DA:4107,0
DA:4108,0
DA:4109,0
DA:4110,0
DA:4111,0
DA:4112,0
DA:4113,0
DA:4114,0
DA:4115,0
DA:4116,0
DA:4117,0
DA:4118,0
DA:4119,0
DA:4120,0
DA:4121,0
DA:4122,0
DA:4123,0
DA:4219,0
DA:4313,4
DA:4406,4
DA:4407,4
DA:4408,4
DA:4409,4
DA:4410,0
DA:4504,0
DA:4505,0
DA:4506,0
DA:4507,0
DA:4508,0
DA:4509,0
DA:4510,0
DA:4511,0
DA:4512,0
DA:4513,0
DA:4515,0
DA:4516,0
DA:4517,0
DA:4518,0
DA:4519,0
DA:4520,0
DA:4521,0
DA:4522,0
DA:4524,0
DA:4526,0
DA:4527,0
DA:4528,0
DA:4529,0
DA:4530,0
DA:4532,0
DA:4534,0
DA:4535,0
DA:4537,0
DA:4539,0
DA:4541,0
DA:4542,0
DA:4544,0
DA:4545,0
DA:4546,0
DA:4547,0
DA:4548,0
DA:4549,0
DA:4550,0
DA:4551,0
DA:4552,0
DA:4553,0
DA:4554,0
DA:4555,0
DA:4556,0
DA:4558,0
DA:4560,0
DA:4562,0
DA:4563,0
DA:4564,0
DA:4565,0
DA:4566,0
DA:4567,0
DA:4568,0
DA:4570,0
DA:4572,0
DA:4574,0
DA:4575,0
DA:4576,0
DA:4577,0
DA:4578,0
DA:4579,0
DA:4581,0
DA:4583,0
DA:4584,0
DA:4585,0
DA:4587,0
DA:4588,0
DA:4589,0
DA:4590,0
DA:4591,0
DA:4592,0
DA:4594,0
DA:4595,0
DA:4596,0
DA:4597,0
DA:4598,0
DA:4599,0
DA:4600,0
DA:4601,0
DA:4603,0
DA:4604,0
DA:4606,0
DA:4608,0
DA:4609,0
DA:4610,0
DA:4612,0
DA:4613,0
DA:4615,0
DA:4616,0
DA:4617,0
DA:4618,0
DA:4619,0
DA:4620,0
DA:4624,0
DA:4718,0
DA:4719,0
DA:4720,0
DA:4721,0
DA:4722,0
DA:4723,0
DA:4724,0
DA:4725,0
DA:4726,0
DA:4727,0
DA:4729,0
DA:4730,0
DA:4731,0
DA:4732,0
DA:4733,0
DA:4734,0
DA:4735,0
DA:4736,0
DA:4738,0
DA:4739,0
DA:4740,0
DA:4741,0
DA:4742,0
DA:4743,0
DA:4745,0
DA:4747,0
DA:4748,0
DA:4749,0
DA:4751,0
DA:4753,0
DA:4754,0
DA:4755,0
DA:4756,0
DA:4757,0
DA:4758,0
DA:4759,0
DA:4760,0
DA:4761,0
DA:4762,0
DA:4763,0
DA:4764,0
DA:4765,0
DA:4766,0
DA:4767,0
DA:4768,0
DA:4770,0
DA:4771,0
DA:4772,0
DA:4773,0
DA:4774,0
DA:4775,0
DA:4776,0
DA:4777,0
DA:4778,0
DA:4780,0
DA:4781,0
DA:4782,0
DA:4783,0
DA:4784,0
DA:4785,0
DA:4786,0
DA:4788,0
DA:4789,0
DA:4790,0
DA:4791,0
DA:4793,0
DA:4794,0
DA:4795,0
DA:4796,0
DA:4797,0
DA:4798,0
DA:4799,0
DA:4800,0
DA:4801,0
DA:4802,0
DA:4803,0
DA:4804,0
DA:4805,0
DA:4806,0
DA:4807,0
DA:4808,0
DA:4809,0
DA:4810,0
DA:4811,0
DA:4812,0
DA:4813,0
DA:4814,0
DA:4815,0
DA:4816,0
DA:4817,0
DA:4818,0
DA:4819,0
DA:4820,0
DA:4824,4
DA:4826,4
DA:4827,8
DA:4828,16
DA:4830,8
DA:4831,16
DA:4833,8
DA:4834,4
DA:4836,8
DA:4837,0
DA:4839,8
DA:4840,0
DA:4842,8
DA:4843,0
DA:4845,8
DA:4846,0
DA:4848,8
DA:4849,0
DA:4851,8
DA:4852,0
DA:4854,8
DA:4855,0
DA:4856,0
DA:4859,8
DA:4860,0
DA:4862,8
DA:4863,4
DA:4865,8
DA:4866,0
DA:4868,8
DA:4869,0
DA:4871,8
DA:4872,0
DA:4874,8
DA:4875,4
DA:4877,8
DA:4878,0
DA:4880,8
DA:4881,0
DA:4882,0
DA:4885,8
DA:4886,4
DA:4888,8
DA:4889,0
DA:4891,8
DA:4892,4
DA:4894,8
DA:4895,0
DA:4897,8
DA:4898,0
DA:4900,8
DA:4901,0
DA:4902,0
DA:4905,8
DA:4906,0
DA:4907,0
DA:4910,8
DA:4911,0
DA:4913,8
DA:4914,0
DA:4915,0
DA:4918,8
DA:4919,0
DA:4920,0
DA:4923,8
DA:4924,0
DA:4925,0
DA:4928,8
DA:4929,0
DA:4931,8
DA:4932,0
DA:4934,8
DA:4935,0
DA:4937,8
DA:4938,0
DA:4940,8
DA:4941,0
DA:4943,8
DA:4944,0
DA:4946,8
DA:4947,0
DA:4949,8
DA:4950,0
DA:4952,8
DA:4953,0
DA:4955,8
DA:4956,0
DA:4958,8
DA:4959,0
DA:4961,8
DA:4962,0
DA:4964,8
DA:4965,0
DA:4967,8
DA:4968,0
DA:4970,8
DA:4971,0
DA:4973,8
DA:4974,2
DA:4975,2
DA:4978,8
DA:4979,0
DA:4981,8
DA:4982,0
DA:4984,8
DA:4985,0
DA:4987,8
DA:4988,0
DA:4990,8
DA:4991,0
DA:4993,8
DA:4994,0
DA:4996,8
DA:4997,0
DA:4999,8
DA:5000,0
DA:5002,8
DA:5003,0
DA:5004,0
DA:5007,8
DA:5008,0
DA:5009,0
DA:5012,8
DA:5013,0
DA:5015,8
DA:5016,0
DA:5018,8
DA:5019,0
DA:5021,8
DA:5022,0
DA:5024,8
DA:5025,0
DA:5027,8
DA:5028,0
DA:5029,0
DA:5032,8
DA:5033,0
DA:5034,0
DA:5037,8
DA:5038,0
DA:5040,8
DA:5041,0
DA:5043,8
DA:5044,0
DA:5045,0
DA:5048,8
DA:5049,0
DA:5051,8
DA:5052,0
DA:5054,8
DA:5055,0
DA:5057,8
DA:5058,0
DA:5060,8
DA:5061,4
DA:5063,8
DA:5064,0
DA:5066,8
DA:5067,0
DA:5069,8
DA:5070,0
DA:5072,8
DA:5073,0
DA:5075,8
DA:5076,0
DA:5078,8
DA:5079,0
DA:5081,8
DA:5082,8
DA:5084,8
DA:5085,0
DA:5087,8
DA:5088,0
DA:5089,0
DA:5092,8
DA:5093,0
DA:5095,8
DA:5096,0
DA:5098,8
DA:5099,0
DA:5100,0
DA:5103,8
DA:5104,0
DA:5106,8
DA:5107,0
DA:5109,8
DA:5110,0
DA:5112,8
DA:5113,0
DA:5115,8
DA:5116,0
DA:5117,0
DA:5120,8
DA:5121,0
DA:5123,8
DA:5124,0
DA:5126,8
DA:5127,16
DA:5129,8
DA:5130,16
DA:5132,8
DA:5133,0
DA:5138,0
DA:5140,0
DA:5141,0
DA:5142,0
DA:5143,0
DA:5144,0
DA:5145,0
DA:5146,0
DA:5147,0
DA:5148,0
DA:5149,0
DA:5150,0
DA:5151,0
DA:5152,0
DA:5153,0
DA:5154,0
DA:5155,0
DA:5156,0
DA:5157,0
DA:5158,0
DA:5159,0
DA:5160,0
DA:5161,0
DA:5162,0
DA:5163,0
DA:5164,0
DA:5165,0
DA:5166,0
DA:5167,0
DA:5168,0
DA:5169,0
DA:5170,0
DA:5171,0
DA:5172,0
DA:5173,0
DA:5174,0
DA:5175,0
DA:5176,0
DA:5177,0
DA:5178,0
DA:5179,0
DA:5180,0
DA:5181,0
DA:5182,0
DA:5183,0
DA:5184,0
DA:5185,0
DA:5186,0
DA:5187,0
DA:5188,0
DA:5189,0
DA:5190,0
DA:5191,0
DA:5192,0
DA:5193,0
DA:5194,0
DA:5195,0
DA:5196,0
DA:5197,0
DA:5198,0
DA:5199,0
DA:5200,0
DA:5201,0
DA:5202,0
DA:5203,0
DA:5204,0
DA:5205,0
DA:5206,0
DA:5207,0
DA:5208,0
DA:5209,0
DA:5210,0
DA:5211,0
DA:5212,0
DA:5213,0
DA:5214,0
DA:5215,0
DA:5216,0
DA:5217,0
DA:5218,0
DA:5219,0
DA:5220,0
DA:5221,0
DA:5222,0
DA:5223,0
DA:5224,0
DA:5225,0
DA:5226,0
DA:5227,0
DA:5228,0
DA:5229,0
DA:5230,0
DA:5231,0
DA:5232,0
DA:5233,0
DA:5234,0
DA:5239,30
DA:5240,0
DA:5241,20
DA:5242,0
DA:5244,0
DA:5245,10
DA:5246,20
DA:5442,0
DA:5449,0
DA:5450,0
DA:5451,0
DA:5454,0
DA:5455,0
DA:5456,0
DA:5459,0
DA:5460,0
DA:5461,0
DA:5464,0
DA:5465,0
DA:5466,0
DA:5469,0
DA:5470,0
DA:5471,0
DA:5474,0
DA:5475,0
DA:5476,0
DA:5479,0
DA:5480,0
DA:5481,0
DA:5484,0
DA:5485,0
DA:5486,0
DA:5489,0
DA:5490,0
DA:5491,0
DA:5494,0
DA:5495,0
DA:5496,0
DA:5499,0
DA:5500,0
DA:5501,0
DA:5504,0
DA:5505,0
DA:5506,0
DA:5509,0
DA:5510,0
DA:5511,0
DA:5514,0
DA:5515,0
DA:5516,0
DA:5519,0
DA:5520,0
DA:5521,0
DA:5524,0
DA:5525,0
DA:5526,0
DA:5529,0
DA:5530,0
DA:5531,0
DA:5534,0
DA:5535,0
DA:5536,0
DA:5539,0
DA:5540,0
DA:5541,0
DA:5544,0
DA:5545,0
DA:5546,0
DA:5549,0
DA:5550,0
DA:5551,0
DA:5554,0
DA:5555,0
DA:5556,0
DA:5559,0
DA:5560,0
DA:5561,0
DA:5564,0
DA:5565,0
DA:5566,0
DA:5569,0
DA:5570,0
DA:5571,0
DA:5574,0
DA:5575,0
DA:5576,0
DA:5579,0
DA:5580,0
DA:5581,0
DA:5584,0
DA:5585,0
DA:5586,0
DA:5589,0
DA:5590,0
DA:5591,0
DA:5594,0
DA:5595,0
DA:5596,0
DA:5599,0
DA:5600,0
DA:5601,0
DA:5604,0
DA:5605,0
DA:5606,0
DA:5609,0
DA:5610,0
DA:5611,0
DA:5614,0
DA:5615,0
DA:5616,0
DA:5619,0
DA:5620,0
DA:5621,0
DA:5624,0
DA:5625,0
DA:5626,0
DA:5629,0
DA:5630,0
DA:5631,0
DA:5634,0
DA:5635,0
DA:5636,0
DA:5639,0
DA:5640,0
DA:5641,0
DA:5644,0
DA:5645,0
DA:5646,0
DA:5649,0
DA:5650,0
DA:5651,0
DA:5654,0
DA:5655,0
DA:5656,0
DA:5659,0
DA:5660,0
DA:5661,0
DA:5664,0
DA:5665,0
DA:5666,0
DA:5669,0
DA:5670,0
DA:5671,0
DA:5674,0
DA:5675,0
DA:5676,0
DA:5679,0
DA:5680,0
DA:5681,0
DA:5684,0
DA:5685,0
DA:5686,0
DA:5689,0
DA:5690,0
DA:5691,0
DA:5694,0
DA:5695,0
DA:5696,0
DA:5699,0
DA:5700,0
DA:5701,0
DA:5704,0
DA:5705,0
DA:5706,0
DA:5709,0
DA:5710,0
DA:5711,0
DA:5714,0
DA:5715,0
DA:5716,0
DA:5719,0
DA:5720,0
DA:5721,0
DA:5724,0
DA:5725,0
DA:5726,0
DA:5729,0
DA:5730,0
DA:5731,0
DA:5734,0
DA:5735,0
DA:5736,0
DA:5739,0
DA:5740,0
DA:5741,0
DA:5744,0
DA:5745,0
DA:5746,0
DA:5749,0
DA:5750,0
DA:5751,0
DA:5754,0
DA:5755,0
DA:5756,0
DA:5759,0
DA:5760,0
DA:5761,0
DA:5764,0
DA:5765,0
DA:5766,0
DA:5769,0
DA:5770,0
DA:5771,0
DA:5774,0
DA:5775,0
DA:5776,0
DA:5779,0
DA:5780,0
DA:5781,0
DA:5784,0
DA:5785,0
DA:5786,0
DA:5789,0
DA:5790,0
DA:5791,0
DA:5794,0
DA:5795,0
DA:5796,0
DA:5799,0
DA:5800,0
DA:5801,0
DA:5804,0
DA:5805,0
DA:5806,0
DA:5809,0
DA:5810,0
DA:5811,0
DA:5814,0
DA:5815,0
DA:5816,0
DA:5819,0
DA:5820,0
DA:5821,0
DA:5824,0
DA:5825,0
DA:5826,0
DA:5829,0
DA:5830,0
DA:5831,0
DA:5834,0
DA:5835,0
DA:5836,0
DA:5839,0
DA:5840,0
DA:5841,0
DA:5844,0
DA:5845,0
DA:5846,0
DA:5849,0
DA:5850,0
DA:5851,0
DA:5854,0
DA:5855,0
DA:5856,0
DA:5859,0
DA:5860,0
DA:5861,0
DA:5864,0
DA:5865,0
DA:5866,0
DA:5869,0
DA:5870,0
DA:5871,0
DA:5874,0
DA:5875,0
DA:5876,0
DA:5879,0
DA:5880,0
DA:5881,0
DA:5884,0
DA:5885,0
DA:5886,0
DA:5889,0
DA:5890,0
DA:5891,0
DA:5894,0
DA:5895,0
DA:5896,0
DA:5899,0
DA:5900,0
DA:5901,0
DA:5907,0
DA:5914,0
DA:5915,0
DA:5916,0
DA:5919,0
DA:5920,0
DA:5921,0
DA:5924,0
DA:5925,0
DA:5926,0
DA:5929,0
DA:5930,0
DA:5931,0
DA:5934,0
DA:5935,0
DA:5936,0
DA:5939,0
DA:5940,0
DA:5941,0
DA:5944,0
DA:5945,0
DA:5946,0
DA:5949,0
DA:5950,0
DA:5951,0
DA:5954,0
DA:5955,0
DA:5956,0
DA:5959,0
DA:5960,0
DA:5961,0
DA:5964,0
DA:5965,0
DA:5966,0
DA:5969,0
DA:5970,0
DA:5971,0
DA:5974,0
DA:5975,0
DA:5976,0
DA:5979,0
DA:5980,0
DA:5981,0
DA:5984,0
DA:5985,0
DA:5986,0
DA:5989,0
DA:5990,0
DA:5991,0
DA:5994,0
DA:5995,0
DA:5996,0
DA:5999,0
DA:6000,0
DA:6001,0
DA:6004,0
DA:6005,0
DA:6006,0
DA:6009,0
DA:6010,0
DA:6011,0
DA:6014,0
DA:6015,0
DA:6016,0
DA:6019,0
DA:6020,0
DA:6021,0
DA:6024,0
DA:6025,0
DA:6026,0
DA:6029,0
DA:6030,0
DA:6031,0
DA:6034,0
DA:6035,0
DA:6036,0
DA:6039,0
DA:6040,0
DA:6041,0
DA:6044,0
DA:6045,0
DA:6046,0
DA:6049,0
DA:6050,0
DA:6051,0
DA:6054,0
DA:6055,0
DA:6056,0
DA:6059,0
DA:6060,0
DA:6061,0
DA:6064,0
DA:6065,0
DA:6066,0
DA:6069,0
DA:6070,0
DA:6071,0
DA:6074,0
DA:6075,0
DA:6076,0
DA:6079,0
DA:6080,0
DA:6081,0
DA:6084,0
DA:6085,0
DA:6086,0
DA:6089,0
DA:6090,0
DA:6091,0
DA:6094,0
DA:6095,0
DA:6096,0
DA:6099,0
DA:6100,0
DA:6101,0
DA:6104,0
DA:6105,0
DA:6106,0
DA:6109,0
DA:6110,0
DA:6111,0
DA:6114,0
DA:6115,0
DA:6116,0
DA:6119,0
DA:6120,0
DA:6121,0
DA:6124,0
DA:6125,0
DA:6126,0
DA:6129,0
DA:6130,0
DA:6131,0
DA:6134,0
DA:6135,0
DA:6136,0
DA:6139,0
DA:6140,0
DA:6141,0
DA:6144,0
DA:6145,0
DA:6146,0
DA:6149,0
DA:6150,0
DA:6151,0
DA:6154,0
DA:6155,0
DA:6156,0
DA:6159,0
DA:6160,0
DA:6161,0
DA:6164,0
DA:6165,0
DA:6166,0
DA:6169,0
DA:6170,0
DA:6171,0
DA:6174,0
DA:6175,0
DA:6176,0
DA:6179,0
DA:6180,0
DA:6181,0
DA:6184,0
DA:6185,0
DA:6186,0
DA:6189,0
DA:6190,0
DA:6191,0
DA:6194,0
DA:6195,0
DA:6196,0
DA:6199,0
DA:6200,0
DA:6201,0
DA:6204,0
DA:6205,0
DA:6206,0
DA:6209,0
DA:6210,0
DA:6211,0
DA:6214,0
DA:6215,0
DA:6216,0
DA:6219,0
DA:6220,0
DA:6221,0
DA:6224,0
DA:6225,0
DA:6226,0
DA:6229,0
DA:6230,0
DA:6231,0
DA:6234,0
DA:6235,0
DA:6236,0
DA:6239,0
DA:6240,0
DA:6241,0
DA:6244,0
DA:6245,0
DA:6246,0
DA:6249,0
DA:6250,0
DA:6251,0
DA:6254,0
DA:6255,0
DA:6256,0
DA:6259,0
DA:6260,0
DA:6261,0
DA:6264,0
DA:6265,0
DA:6266,0
DA:6269,0
DA:6270,0
DA:6271,0
DA:6274,0
DA:6275,0
DA:6276,0
DA:6279,0
DA:6280,0
DA:6281,0
DA:6284,0
DA:6285,0
DA:6286,0
DA:6289,0
DA:6290,0
DA:6291,0
DA:6294,0
DA:6295,0
DA:6296,0
DA:6299,0
DA:6300,0
DA:6301,0
DA:6304,0
DA:6305,0
DA:6306,0
DA:6309,0
DA:6310,0
DA:6311,0
DA:6314,0
DA:6315,0
DA:6316,0
DA:6319,0
DA:6320,0
DA:6321,0
DA:6324,0
DA:6325,0
DA:6326,0
DA:6329,0
DA:6330,0
DA:6331,0
DA:6334,0
DA:6335,0
DA:6336,0
DA:6339,0
DA:6340,0
DA:6341,0
DA:6344,0
DA:6345,0
DA:6346,0
DA:6349,0
DA:6350,0
DA:6351,0
DA:6354,0
DA:6355,0
DA:6356,0
DA:6359,0
DA:6360,0
DA:6361,0
DA:6364,0
DA:6365,0
DA:6366,0
DA:6372,0
DA:6379,0
DA:6380,0
DA:6382,0
DA:6383,0
DA:6384,0
DA:6387,0
DA:6388,0
DA:6390,0
DA:6391,0
DA:6393,0
DA:6394,0
DA:6396,0
DA:6397,0
DA:6398,0
DA:6401,0
DA:6402,0
DA:6403,0
DA:6406,0
DA:6407,0
DA:6408,0
DA:6411,0
DA:6412,0
DA:6413,0
DA:6416,0
DA:6417,0
DA:6418,0
DA:6421,0
DA:6422,0
DA:6423,0
DA:6426,0
DA:6427,0
DA:6428,0
DA:6431,0
DA:6432,0
DA:6433,0
DA:6436,0
DA:6437,0
DA:6438,0
DA:6441,0
DA:6442,0
DA:6443,0
DA:6446,0
DA:6447,0
DA:6448,0
DA:6451,0
DA:6452,0
DA:6453,0
DA:6456,0
DA:6457,0
DA:6458,0
DA:6461,0
DA:6462,0
DA:6463,0
DA:6466,0
DA:6467,0
DA:6469,0
DA:6470,0
DA:6472,0
DA:6473,0
DA:6474,0
DA:6477,0
DA:6478,0
DA:6479,0
DA:6482,0
DA:6483,0
DA:6484,0
DA:6487,0
DA:6488,0
DA:6489,0
DA:6492,0
DA:6493,0
DA:6494,0
DA:6497,0
DA:6498,0
DA:6499,0
DA:6502,0
DA:6503,0
DA:6504,0
DA:6507,0
DA:6508,0
DA:6509,0
DA:6512,0
DA:6513,0
DA:6514,0
DA:6517,0
DA:6518,0
DA:6519,0
DA:6522,0
DA:6523,0
DA:6524,0
DA:6527,0
DA:6528,0
DA:6529,0
DA:6532,0
DA:6533,0
DA:6534,0
DA:6537,0
DA:6538,0
DA:6539,0
DA:6542,0
DA:6543,0
DA:6544,0
DA:6547,0
DA:6548,0
DA:6549,0
DA:6552,0
DA:6553,0
DA:6554,0
DA:6557,0
DA:6558,0
DA:6560,0
DA:6561,0
DA:6563,0
DA:6564,0
DA:6565,0
DA:6568,0
DA:6569,0
DA:6571,0
DA:6572,0
DA:6574,0
DA:6575,0
DA:6576,0
DA:6579,0
DA:6580,0
DA:6581,0
DA:6584,0
DA:6585,0
DA:6586,0
DA:6589,0
DA:6590,0
DA:6591,0
DA:6594,0
DA:6595,0
DA:6596,0
DA:6599,0
DA:6600,0
DA:6601,0
DA:6604,0
DA:6605,0
DA:6606,0
DA:6609,0
DA:6610,0
DA:6611,0
DA:6614,0
DA:6615,0
DA:6616,0
DA:6619,0
DA:6620,0
DA:6621,0
DA:6624,0
DA:6625,0
DA:6626,0
DA:6629,0
DA:6630,0
DA:6631,0
DA:6634,0
DA:6635,0
DA:6636,0
DA:6639,0
DA:6640,0
DA:6641,0
DA:6644,0
DA:6645,0
DA:6647,0
DA:6648,0
DA:6649,0
DA:6652,0
DA:6653,0
DA:6655,0
DA:6656,0
DA:6657,0
DA:6660,0
DA:6661,0
DA:6662,0
DA:6665,0
DA:6666,0
DA:6667,0
DA:6670,0
DA:6671,0
DA:6672,0
DA:6675,0
DA:6676,0
DA:6677,0
DA:6680,0
DA:6681,0
DA:6682,0
DA:6685,0
DA:6686,0
DA:6687,0
DA:6690,0
DA:6691,0
DA:6692,0
DA:6695,0
DA:6696,0
DA:6697,0
DA:6700,0
DA:6701,0
DA:6702,0
DA:6705,0
DA:6706,0
DA:6707,0
DA:6710,0
DA:6711,0
DA:6712,0
DA:6715,0
DA:6716,0
DA:6717,0
DA:6720,0
DA:6721,0
DA:6722,0
DA:6725,0
DA:6726,0
DA:6727,0
DA:6730,0
DA:6731,0
DA:6732,0
DA:6735,0
DA:6736,0
DA:6737,0
DA:6740,0
DA:6741,0
DA:6742,0
DA:6745,0
DA:6746,0
DA:6747,0
DA:6750,0
DA:6751,0
DA:6752,0
DA:6755,0
DA:6756,0
DA:6757,0
DA:6760,0
DA:6761,0
DA:6762,0
DA:6765,0
DA:6766,0
DA:6767,0
DA:6770,0
DA:6771,0
DA:6772,0
DA:6775,0
DA:6776,0
DA:6777,0
DA:6780,0
DA:6781,0
DA:6782,0
DA:6785,0
DA:6786,0
DA:6787,0
DA:6790,0
DA:6791,0
DA:6792,0
DA:6795,0
DA:6796,0
DA:6797,0
DA:6800,0
DA:6801,0
DA:6802,0
DA:6805,0
DA:6806,0
DA:6807,0
DA:6833,0
DA:6834,0
DA:6835,0
DA:6838,0
DA:6839,0
DA:6840,0
DA:6841,0
DA:6842,0
DA:6843,0
DA:6845,0
DA:6938,0
DA:7033,0
DA:7126,0
DA:7220,0
DA:7221,0
DA:7222,0
DA:7248,0
DA:7249,0
DA:7250,0
LF:3516
LH:730
end_of_record
SF:lib/data/database/core_database.dart
DA:14,2
DA:15,4
DA:17,39
DA:19,10
DA:22,9
DA:23,9
DA:24,0
DA:27,9
DA:30,9
DA:36,9
DA:75,18
DA:77,18
DA:78,9
DA:86,2
DA:87,4
DA:96,2
DA:100,2
DA:104,2
DA:105,2
DA:107,4
DA:121,2
DA:122,2
DA:124,2
DA:126,4
DA:130,3
DA:131,3
DA:133,6
DA:134,3
DA:135,0
DA:139,6
DA:140,6
DA:142,6
DA:143,6
DA:145,6
DA:155,3
DA:156,3
DA:157,3
DA:158,1
DA:161,2
DA:162,2
DA:163,0
DA:166,2
DA:167,2
DA:198,0
DA:199,0
DA:200,0
DA:204,0
DA:205,0
DA:206,0
DA:208,0
DA:209,0
DA:212,0
DA:213,0
DA:219,0
DA:220,0
DA:221,0
DA:223,0
DA:230,3
DA:231,3
DA:232,3
DA:233,15
DA:245,0
DA:249,0
DA:250,0
DA:264,0
DA:265,0
DA:266,0
DA:267,0
DA:268,0
DA:269,0
DA:270,0
DA:271,0
DA:277,0
DA:278,0
DA:279,0
DA:281,0
DA:282,0
DA:290,0
DA:291,0
DA:296,0
DA:297,0
DA:298,0
DA:299,0
DA:300,0
DA:302,0
DA:303,0
DA:304,0
DA:310,1
DA:316,2
DA:317,2
DA:319,3
DA:320,2
DA:322,4
DA:326,2
DA:327,2
DA:328,1
DA:332,1
DA:333,1
DA:337,0
DA:352,0
DA:354,0
DA:357,0
DA:359,0
DA:360,0
DA:361,0
DA:363,0
DA:364,0
DA:365,0
DA:367,0
DA:368,0
DA:370,0
DA:371,0
DA:372,0
DA:373,0
DA:374,0
DA:376,0
DA:377,0
DA:382,0
DA:383,0
DA:384,0
DA:385,0
DA:387,0
DA:388,0
DA:389,0
DA:390,0
DA:393,0
LF:126
LH:55
end_of_record
SF:lib/data/supabase/supabase_client.dart
DA:26,1
DA:27,1
DA:34,5
DA:36,0
DA:56,0
DA:57,0
DA:64,0
DA:71,0
LF:8
LH:3
end_of_record
SF:lib/data/supabase/supabase_contract.dart
DA:33,0
DA:36,0
DA:37,0
DA:43,0
LF:4
LH:0
end_of_record
SF:lib/core/widgets/pg_score_ring.dart
DA:25,1
DA:33,1
DA:34,1
DA:43,1
DA:45,1
DA:46,2
DA:50,3
DA:54,1
DA:56,1
DA:57,1
DA:58,1
DA:63,2
DA:65,0
DA:67,2
DA:71,1
DA:73,1
DA:74,4
DA:76,2
DA:78,0
DA:80,2
DA:85,1
DA:87,2
DA:88,1
DA:92,1
DA:96,1
DA:98,1
DA:100,1
DA:102,1
DA:104,1
DA:106,1
DA:111,1
DA:114,1
DA:116,1
DA:117,1
DA:118,1
DA:119,1
DA:120,1
DA:124,1
DA:126,2
DA:127,2
DA:129,4
DA:131,3
DA:133,1
DA:134,3
DA:135,4
DA:139,1
DA:140,1
DA:141,2
DA:142,2
DA:143,1
DA:144,1
DA:145,1
DA:146,3
DA:148,7
DA:151,1
DA:152,1
DA:155,1
DA:156,2
DA:159,1
DA:160,1
DA:163,1
DA:164,1
DA:166,1
DA:167,4
DA:168,3
DA:171,1
DA:176,2
DA:177,0
DA:179,0
DA:180,0
DA:181,0
DA:182,0
DA:183,0
DA:188,0
DA:212,1
DA:220,1
DA:222,1
DA:223,4
DA:224,1
DA:226,1
DA:227,0
DA:232,1
DA:233,2
DA:234,2
DA:235,1
DA:236,1
DA:237,2
DA:240,2
DA:241,3
DA:243,1
DA:244,2
DA:246,1
DA:247,4
DA:250,1
DA:251,2
DA:252,1
DA:253,1
DA:254,1
DA:258,0
DA:262,0
DA:263,0
DA:264,0
DA:265,0
DA:266,0
DA:267,0
DA:268,0
DA:269,0
DA:273,1
DA:275,3
DA:276,3
DA:277,3
DA:278,3
DA:279,3
LF:113
LH:94
end_of_record
SF:lib/core/theme/app_theme.dart
DA:16,0
DA:275,0
DA:288,0
DA:293,0
DA:306,0
DA:311,0
DA:328,0
DA:334,0
DA:336,0
DA:340,0
DA:344,0
DA:345,0
DA:346,0
DA:351,0
DA:361,0
DA:362,0
DA:363,0
DA:364,0
DA:367,0
DA:376,0
DA:382,0
DA:383,0
DA:384,0
DA:388,0
DA:398,0
DA:407,0
DA:408,0
DA:409,0
DA:410,0
DA:417,0
DA:418,0
DA:419,0
DA:429,0
DA:437,0
DA:438,0
DA:443,0
DA:444,0
DA:449,0
DA:450,0
DA:453,0
DA:455,0
DA:456,0
DA:457,0
DA:459,0
DA:460,0
DA:461,0
DA:463,0
DA:464,0
DA:465,0
DA:467,0
DA:468,0
DA:469,0
DA:471,0
DA:472,0
DA:473,0
DA:480,0
DA:481,0
DA:488,0
DA:489,0
DA:492,0
DA:494,0
DA:495,0
DA:506,0
DA:507,0
DA:511,0
DA:512,0
DA:513,0
DA:516,0
DA:518,0
DA:519,0
DA:528,0
DA:529,0
DA:530,0
DA:531,0
DA:532,0
DA:535,0
DA:541,0
DA:542,0
DA:552,0
DA:554,0
DA:556,0
DA:557,0
DA:558,0
DA:560,0
DA:561,0
DA:565,0
DA:567,0
DA:568,0
DA:571,0
DA:572,0
DA:584,0
DA:601,0
DA:605,0
DA:606,0
DA:608,0
DA:609,0
DA:612,0
DA:615,0
DA:616,0
DA:624,0
DA:625,0
DA:626,0
DA:627,0
DA:630,0
DA:632,0
DA:635,0
DA:636,0
DA:640,0
DA:641,0
DA:646,0
DA:650,0
DA:651,0
DA:657,0
DA:658,0
DA:668,0
DA:669,0
DA:673,0
DA:674,0
DA:675,0
DA:676,0
DA:678,0
DA:679,0
DA:680,0
DA:682,0
DA:708,0
DA:713,0
DA:720,0
DA:730,0
DA:732,0
DA:733,0
DA:734,0
DA:737,0
DA:738,0
DA:739,0
DA:742,0
DA:743,0
DA:744,0
DA:747,0
DA:748,0
DA:749,0
DA:758,0
DA:759,0
DA:766,0
DA:789,9
DA:790,9
DA:794,0
DA:795,0
LF:147
LH:2
end_of_record
SF:lib/core/extensions/json_helpers.dart
DA:4,2
DA:5,4
DA:7,0
DA:8,0
DA:9,0
DA:10,0
DA:14,1
DA:15,1
DA:16,2
DA:17,0
DA:21,1
DA:22,1
DA:23,1
DA:24,1
DA:25,1
DA:29,3
DA:30,3
DA:31,13
DA:32,1
DA:34,0
DA:35,0
DA:36,0
DA:40,1
DA:43,0
DA:44,0
DA:45,0
DA:46,0
DA:47,0
DA:49,0
DA:50,0
DA:51,0
DA:52,0
DA:56,0
DA:63,1
DA:64,1
DA:65,1
DA:73,6
DA:74,6
DA:75,6
DA:76,12
DA:82,1
DA:83,1
DA:84,1
DA:85,0
LF:44
LH:25
end_of_record
SF:lib/features/stack/widgets/nutrient_progress_bar.dart
DA:12,1
DA:16,2
DA:18,2
DA:20,2
DA:22,2
DA:24,2
DA:26,2
DA:28,1
DA:29,1
DA:34,2
DA:35,2
DA:41,2
DA:43,2
DA:44,2
DA:45,6
DA:46,8
DA:47,6
DA:51,4
DA:53,2
DA:55,0
DA:58,2
DA:63,2
DA:65,2
DA:66,2
DA:67,2
DA:68,2
DA:69,2
DA:70,2
DA:71,2
DA:72,2
DA:73,2
DA:74,6
DA:81,0
DA:83,0
DA:84,0
DA:86,0
DA:89,0
DA:96,2
DA:97,6
DA:98,2
DA:99,6
DA:108,2
DA:112,2
DA:113,2
DA:114,2
DA:115,2
DA:117,2
DA:118,2
DA:121,8
DA:123,8
DA:125,3
DA:127,1
DA:129,3
DA:130,1
DA:138,2
DA:140,2
DA:144,2
DA:156,2
DA:157,6
DA:158,6
DA:163,4
DA:165,1
DA:166,3
DA:171,2
DA:173,6
DA:174,2
DA:182,1
DA:183,1
DA:184,0
DA:185,0
DA:187,2
DA:190,2
DA:191,8
DA:192,2
DA:194,0
DA:196,0
DA:198,0
DA:199,0
DA:200,0
DA:202,0
DA:204,0
DA:205,0
DA:207,0
DA:209,0
DA:214,0
DA:215,0
DA:216,0
DA:218,0
DA:220,0
DA:221,0
DA:222,0
DA:225,0
DA:226,0
DA:231,0
DA:232,0
DA:233,0
DA:234,0
DA:241,0
DA:242,0
DA:243,0
DA:244,0
DA:246,0
DA:251,0
DA:253,0
DA:254,0
DA:256,0
DA:257,0
DA:271,2
DA:272,2
DA:273,2
DA:274,1
DA:275,2
DA:279,2
DA:280,2
DA:281,4
DA:282,3
DA:283,6
DA:288,2
DA:292,2
DA:294,2
DA:296,2
DA:297,4
DA:298,2
DA:299,6
DA:301,2
DA:303,2
DA:304,4
DA:306,2
DA:307,2
DA:308,2
DA:309,2
DA:312,2
LF:132
LH:91
end_of_record
SF:lib/services/stack/stack_nutrient_models.dart
DA:20,1
DA:34,1
DA:46,0
DA:49,0
DA:50,0
DA:51,0
DA:52,0
DA:53,0
DA:54,0
DA:56,0
DA:57,0
DA:71,5
DA:119,4
DA:147,5
DA:148,20
LF:15
LH:6
end_of_record
SF:lib/data/repositories/reference_data_repository.dart
DA:13,1
DA:14,2
DA:17,1
DA:20,1
DA:21,2
DA:24,1
DA:27,1
DA:28,2
DA:29,1
DA:32,1
DA:33,2
DA:34,1
DA:37,0
DA:38,0
DA:39,0
DA:41,0
DA:44,1
DA:45,2
DA:48,0
DA:51,0
DA:52,0
DA:55,0
DA:58,2
DA:59,4
DA:60,1
DA:61,1
DA:62,0
DA:67,0
DA:79,0
DA:80,0
DA:81,0
DA:85,0
DA:86,0
DA:90,0
DA:92,0
DA:93,0
DA:94,0
DA:95,0
DA:96,0
DA:99,0
DA:100,0
DA:101,0
DA:103,0
DA:104,0
DA:105,0
DA:106,0
DA:108,0
DA:110,0
DA:111,0
DA:112,0
DA:113,0
DA:116,0
DA:118,0
DA:120,0
DA:121,0
DA:122,0
DA:126,0
DA:127,0
DA:128,0
DA:130,0
DA:131,0
DA:137,0
DA:138,0
DA:139,0
DA:140,0
DA:144,0
DA:145,0
DA:148,0
DA:154,0
DA:156,0
DA:157,0
DA:158,0
DA:159,0
DA:161,0
DA:163,0
DA:164,0
DA:167,0
DA:168,0
DA:169,0
DA:170,0
DA:171,0
DA:173,0
DA:174,0
DA:175,0
LF:84
LH:18
end_of_record
SF:lib/core/data/allergen_prevalence_vocab.dart
DA:17,0
DA:28,0
DA:29,0
DA:30,0
DA:31,0
DA:32,0
DA:33,0
DA:34,0
DA:35,0
DA:36,0
DA:37,0
DA:44,0
DA:49,0
DA:52,0
DA:53,0
DA:55,0
DA:56,0
DA:57,0
DA:58,0
DA:59,0
DA:60,0
DA:67,0
LF:22
LH:0
end_of_record
SF:lib/core/data/allergen_regulatory_status_vocab.dart
DA:13,0
DA:20,0
DA:21,0
DA:22,0
DA:23,0
DA:24,0
DA:25,0
DA:32,0
DA:37,0
DA:40,0
DA:42,0
DA:44,0
DA:45,0
DA:46,0
DA:47,0
DA:48,0
DA:49,0
DA:56,0
LF:18
LH:0
end_of_record
SF:lib/core/data/ban_context_vocab.dart
DA:14,0
DA:22,0
DA:23,0
DA:24,0
DA:25,0
DA:26,0
DA:27,0
DA:28,0
DA:35,0
DA:39,0
DA:40,0
DA:41,0
DA:43,0
DA:44,0
DA:45,0
DA:46,0
DA:47,0
DA:48,0
DA:55,0
LF:19
LH:0
end_of_record
SF:lib/core/data/banned_status_vocab.dart
DA:19,0
DA:31,0
DA:32,0
DA:33,0
DA:34,0
DA:35,0
DA:36,0
DA:37,0
DA:38,0
DA:39,0
DA:40,0
DA:41,0
DA:48,0
DA:52,0
DA:55,0
DA:56,0
DA:58,0
DA:59,0
DA:60,0
DA:61,0
DA:62,0
DA:63,0
DA:70,0
LF:23
LH:0
end_of_record
SF:lib/core/data/clinical_indication_vocab.dart
DA:37,0
DA:45,0
DA:46,0
DA:47,0
DA:48,0
DA:49,0
DA:51,0
DA:52,0
DA:53,0
DA:56,0
DA:57,0
DA:58,0
DA:66,0
DA:71,0
DA:74,0
DA:75,0
DA:77,0
DA:78,0
DA:79,0
DA:80,0
DA:81,0
DA:82,0
DA:89,0
LF:23
LH:0
end_of_record
SF:lib/core/data/clinical_risk_vocab.dart
DA:19,0
DA:31,0
DA:32,0
DA:33,0
DA:34,0
DA:35,0
DA:36,0
DA:37,0
DA:38,0
DA:39,0
DA:40,0
DA:41,0
DA:48,0
DA:52,0
DA:55,0
DA:56,0
DA:58,0
DA:59,0
DA:60,0
DA:61,0
DA:62,0
DA:63,0
DA:70,0
LF:23
LH:0
end_of_record
SF:lib/core/data/condition_vocab.dart
DA:33,0
DA:35,0
DA:36,0
DA:37,0
DA:38,0
DA:50,0
DA:58,0
DA:59,0
DA:60,0
DA:61,0
DA:62,0
DA:64,0
DA:65,0
DA:66,0
DA:69,0
DA:70,0
DA:71,0
DA:72,0
DA:80,0
DA:84,0
DA:85,0
DA:86,0
DA:88,0
DA:89,0
DA:90,0
DA:91,0
DA:92,0
DA:93,0
DA:100,0
LF:29
LH:0
end_of_record
SF:lib/core/data/confidence_tier_vocab.dart
DA:17,0
DA:28,0
DA:29,0
DA:30,0
DA:31,0
DA:32,0
DA:33,0
DA:34,0
DA:35,0
DA:36,0
DA:37,0
DA:44,0
DA:48,0
DA:51,0
DA:52,0
DA:54,0
DA:55,0
DA:56,0
DA:57,0
DA:58,0
DA:59,0
DA:66,0
LF:22
LH:0
end_of_record
SF:lib/core/data/drug_class_vocab.dart
DA:41,0
DA:50,0
DA:51,0
DA:52,0
DA:53,0
DA:54,0
DA:56,0
DA:57,0
DA:58,0
DA:60,0
DA:61,0
DA:68,0
DA:72,0
DA:73,0
DA:74,0
DA:76,0
DA:77,0
DA:78,0
DA:79,0
DA:80,0
DA:81,0
DA:88,0
LF:22
LH:0
end_of_record
SF:lib/core/data/effect_direction_vocab.dart
DA:14,0
DA:21,0
DA:22,0
DA:23,0
DA:24,0
DA:25,0
DA:26,0
DA:33,0
DA:37,0
DA:40,0
DA:41,0
DA:43,0
DA:44,0
DA:45,0
DA:46,0
DA:47,0
DA:48,0
DA:55,0
LF:18
LH:0
end_of_record
SF:lib/core/data/efsa_genotoxicity_vocab.dart
DA:12,0
DA:18,0
DA:19,0
DA:20,0
DA:21,0
DA:22,0
DA:29,0
DA:33,0
DA:36,0
DA:38,0
DA:40,0
DA:41,0
DA:42,0
DA:43,0
DA:44,0
DA:45,0
DA:52,0
LF:17
LH:0
end_of_record
SF:lib/core/data/efsa_status_vocab.dart
DA:12,0
DA:18,0
DA:19,0
DA:20,0
DA:21,0
DA:22,0
DA:29,0
DA:33,0
DA:34,0
DA:35,0
DA:37,0
DA:38,0
DA:39,0
DA:40,0
DA:41,0
DA:42,0
DA:49,0
LF:17
LH:0
end_of_record
SF:lib/core/data/evidence_level_vocab.dart
DA:17,0
DA:25,0
DA:26,0
DA:27,0
DA:28,0
DA:29,0
DA:30,0
DA:31,0
DA:38,0
DA:42,0
DA:45,0
DA:46,0
DA:48,0
DA:49,0
DA:50,0
DA:51,0
DA:52,0
DA:53,0
DA:60,0
LF:19
LH:0
end_of_record
SF:lib/core/data/evidence_strength_vocab.dart
DA:16,0
DA:23,0
DA:24,0
DA:25,0
DA:26,0
DA:27,0
DA:28,0
DA:35,0
DA:39,0
DA:42,0
DA:43,0
DA:45,0
DA:46,0
DA:47,0
DA:48,0
DA:49,0
DA:50,0
DA:57,0
LF:18
LH:0
end_of_record
SF:lib/core/data/iqm_category_vocab.dart
DA:19,0
DA:26,0
DA:27,0
DA:28,0
DA:29,0
DA:30,0
DA:32,0
DA:33,0
DA:34,0
DA:42,0
DA:46,0
DA:49,0
DA:50,0
DA:52,0
DA:53,0
DA:54,0
DA:55,0
DA:56,0
DA:57,0
DA:64,0
LF:20
LH:0
end_of_record
SF:lib/core/data/legal_status_vocab.dart
DA:15,0
DA:23,0
DA:24,0
DA:25,0
DA:26,0
DA:27,0
DA:28,0
DA:29,0
DA:36,0
DA:40,0
DA:43,0
DA:44,0
DA:46,0
DA:47,0
DA:48,0
DA:49,0
DA:50,0
DA:51,0
DA:58,0
LF:19
LH:0
end_of_record
SF:lib/core/data/manufacturer_trust_tier_vocab.dart
DA:19,0
DA:31,0
DA:32,0
DA:33,0
DA:34,0
DA:35,0
DA:36,0
DA:37,0
DA:38,0
DA:39,0
DA:40,0
DA:41,0
DA:48,0
DA:53,0
DA:56,0
DA:57,0
DA:59,0
DA:60,0
DA:61,0
DA:62,0
DA:63,0
DA:64,0
DA:71,0
LF:23
LH:0
end_of_record
SF:lib/core/data/match_mode_vocab.dart
DA:13,0
DA:20,0
DA:21,0
DA:22,0
DA:23,0
DA:24,0
DA:25,0
DA:32,0
DA:36,0
DA:37,0
DA:38,0
DA:40,0
DA:41,0
DA:42,0
DA:43,0
DA:44,0
DA:45,0
DA:52,0
LF:18
LH:0
end_of_record
SF:lib/core/data/primary_outcome_vocab.dart
DA:16,0
DA:24,0
DA:25,0
DA:26,0
DA:27,0
DA:28,0
DA:29,0
DA:30,0
DA:38,0
DA:42,0
DA:45,0
DA:46,0
DA:48,0
DA:49,0
DA:50,0
DA:51,0
DA:52,0
DA:53,0
DA:54,0
DA:55,0
DA:66,0
DA:67,0
DA:70,0
LF:23
LH:0
end_of_record
SF:lib/core/data/score_contribution_tier_vocab.dart
DA:18,0
DA:30,0
DA:31,0
DA:32,0
DA:33,0
DA:34,0
DA:35,0
DA:36,0
DA:37,0
DA:38,0
DA:39,0
DA:40,0
DA:47,0
DA:52,0
DA:55,0
DA:56,0
DA:58,0
DA:59,0
DA:60,0
DA:61,0
DA:62,0
DA:63,0
DA:70,0
LF:23
LH:0
end_of_record
SF:lib/core/data/severity_vocab.dart
DA:45,0
DA:56,0
DA:57,0
DA:58,0
DA:59,0
DA:60,0
DA:61,0
DA:62,0
DA:63,0
DA:64,0
DA:65,0
DA:72,0
DA:76,0
DA:77,0
DA:78,0
DA:80,0
DA:81,0
DA:82,0
DA:83,0
DA:84,0
DA:85,0
DA:92,0
LF:22
LH:0
end_of_record
SF:lib/core/data/signal_strength_vocab.dart
DA:19,0
DA:31,0
DA:32,0
DA:33,0
DA:34,0
DA:35,0
DA:36,0
DA:37,0
DA:38,0
DA:39,0
DA:40,0
DA:41,0
DA:48,0
DA:52,0
DA:55,0
DA:56,0
DA:58,0
DA:59,0
DA:60,0
DA:61,0
DA:62,0
DA:63,0
DA:70,0
LF:23
LH:0
end_of_record
SF:lib/core/data/study_type_vocab.dart
DA:15,0
DA:23,0
DA:24,0
DA:25,0
DA:26,0
DA:27,0
DA:28,0
DA:29,0
DA:36,0
DA:40,0
DA:41,0
DA:42,0
DA:44,0
DA:45,0
DA:46,0
DA:47,0
DA:48,0
DA:49,0
DA:56,0
LF:19
LH:0
end_of_record
SF:lib/core/data/user_goals_vocab.dart
DA:39,0
DA:48,0
DA:49,0
DA:50,0
DA:51,0
DA:52,0
DA:53,0
DA:55,0
DA:56,0
DA:57,0
DA:60,0
DA:61,0
DA:62,0
DA:70,0
DA:74,0
DA:75,0
DA:76,0
DA:78,0
DA:79,0
DA:80,0
DA:81,0
DA:82,0
DA:83,0
DA:90,0
LF:24
LH:0
end_of_record
SF:lib/core/data/verdict_vocab.dart
DA:75,0
DA:86,0
DA:87,0
DA:88,0
DA:89,0
DA:90,0
DA:91,0
DA:92,0
DA:93,0
DA:94,0
DA:95,0
DA:111,0
DA:115,0
DA:116,0
DA:117,0
DA:119,0
DA:120,0
DA:121,0
DA:122,0
DA:123,0
DA:124,0
DA:133,0
LF:22
LH:0
end_of_record
SF:lib/core/data/vocab_registry.dart
DA:51,1
DA:52,3
DA:55,0
DA:86,0
DA:87,0
DA:88,0
DA:89,0
DA:90,0
DA:91,0
DA:92,0
DA:93,0
DA:94,0
DA:95,0
DA:96,0
DA:97,0
DA:98,0
DA:99,0
DA:100,0
DA:101,0
DA:102,0
DA:103,0
DA:104,0
DA:105,0
DA:106,0
DA:107,0
DA:108,0
DA:109,0
DA:110,0
DA:111,0
DA:112,0
DA:113,0
DA:116,0
DA:117,0
DA:118,0
DA:119,0
DA:120,0
DA:121,0
DA:122,0
DA:123,0
DA:124,0
DA:125,0
DA:126,0
DA:127,0
DA:128,0
DA:129,0
DA:130,0
DA:131,0
DA:132,0
DA:133,0
DA:134,0
DA:135,0
DA:136,0
DA:137,0
DA:138,0
DA:139,0
DA:140,0
DA:141,0
DA:142,0
DA:143,0
DA:145,0
DA:152,3
DA:153,0
DA:154,0
DA:155,0
DA:156,0
DA:157,0
DA:158,0
DA:159,0
DA:160,0
DA:161,0
DA:162,0
DA:163,0
DA:164,0
DA:165,0
DA:166,0
DA:167,0
DA:168,0
DA:169,0
DA:170,0
DA:171,0
DA:172,0
DA:173,0
DA:174,0
DA:175,0
DA:176,0
DA:177,0
DA:178,0
DA:179,0
DA:180,0
DA:181,0
DA:184,0
DA:189,0
DA:190,0
DA:191,0
DA:195,0
DA:197,0
DA:198,0
DA:199,0
DA:200,0
DA:201,0
DA:202,0
DA:203,0
DA:204,0
DA:205,0
DA:206,0
DA:207,0
DA:208,0
DA:209,0
DA:210,0
DA:211,0
DA:212,0
DA:213,0
DA:214,0
DA:215,0
DA:216,0
DA:217,0
DA:218,0
DA:219,0
DA:220,0
DA:221,0
DA:222,0
LF:121
LH:3
end_of_record
SF:lib/core/widgets/verdict_badge.dart
DA:10,1
DA:11,3
DA:20,3
DA:21,6
DA:22,6
DA:34,1
DA:38,1
DA:39,2
DA:40,1
DA:42,1
DA:43,1
DA:45,1
DA:46,1
DA:48,1
DA:49,1
DA:51,1
DA:52,1
DA:54,0
DA:55,0
DA:73,1
DA:74,2
DA:75,2
DA:76,0
DA:78,1
DA:80,1
DA:82,1
DA:84,1
DA:86,1
DA:88,1
DA:90,1
DA:92,1
DA:94,1
DA:96,0
DA:98,0
DA:105,1
DA:107,2
DA:108,2
DA:109,2
DA:110,3
DA:112,1
DA:114,1
DA:115,1
DA:116,1
DA:118,1
DA:119,1
DA:120,1
LF:46
LH:41
end_of_record
SF:lib/core/widgets/pg_frosted_app_bar.dart
DA:51,7
DA:60,3
DA:62,3
DA:63,3
DA:65,3
DA:66,3
DA:67,3
DA:68,3
DA:69,3
DA:70,3
DA:71,6
DA:88,3
DA:97,15
DA:99,3
DA:100,3
DA:101,3
DA:102,3
DA:104,3
DA:110,3
DA:112,3
DA:113,3
DA:114,2
DA:116,0
DA:118,0
DA:123,3
DA:125,3
DA:126,3
DA:127,3
DA:128,6
DA:133,3
DA:135,3
DA:137,3
DA:139,3
DA:140,3
DA:141,3
DA:142,9
DA:144,3
DA:151,0
DA:152,6
DA:153,2
DA:155,4
DA:164,1
DA:166,3
DA:167,3
DA:168,3
DA:173,3
DA:174,0
DA:175,0
LF:48
LH:43
end_of_record
SF:lib/core/widgets/pg_circular_icon_button.dart
DA:37,1
DA:46,1
DA:48,2
DA:49,2
DA:50,1
DA:51,1
DA:53,1
DA:54,1
DA:55,1
DA:56,1
DA:58,1
DA:59,2
DA:61,1
DA:62,2
DA:67,1
DA:68,1
DA:69,2
DA:75,4
LF:18
LH:18
end_of_record
SF:lib/core/widgets/pg_frosted_header.dart
DA:42,5
DA:49,5
DA:51,5
DA:52,5
DA:53,10
DA:54,5
DA:56,10
DA:58,10
DA:65,5
DA:66,5
DA:69,5
DA:73,0
DA:74,5
DA:76,5
DA:84,0
DA:86,5
DA:87,5
DA:88,5
DA:89,5
DA:90,5
DA:91,5
DA:92,0
DA:93,0
DA:97,5
DA:98,10
DA:103,5
DA:110,0
DA:111,0
DA:112,0
DA:113,0
DA:114,0
LF:31
LH:22
end_of_record
SF:lib/core/widgets/pg_pressable.dart
DA:63,14
DA:73,14
DA:74,14
DA:81,8
DA:82,24
DA:83,24
DA:87,0
DA:88,0
DA:89,0
DA:93,44
DA:95,8
DA:96,16
DA:97,32
DA:98,24
DA:101,14
DA:103,14
DA:104,14
DA:106,14
DA:107,0
DA:113,14
DA:114,14
DA:115,28
DA:118,14
DA:122,28
DA:124,28
DA:125,14
DA:135,14
DA:136,14
DA:138,14
DA:139,14
DA:140,14
DA:143,14
DA:144,14
DA:145,14
DA:147,14
DA:148,28
DA:161,14
DA:162,14
DA:163,14
DA:169,14
DA:170,14
DA:171,0
DA:172,0
DA:177,14
DA:179,16
DA:180,0
DA:181,16
DA:182,42
DA:183,28
LF:49
LH:42
end_of_record
SF:lib/core/models/interaction_result.dart
DA:39,2
DA:41,2
DA:42,1
DA:43,2
DA:44,2
DA:65,7
DA:106,2
DA:113,8
DA:115,8
DA:126,2
DA:127,2
DA:129,4
DA:130,2
DA:132,4
DA:133,4
DA:134,0
DA:135,0
DA:136,2
DA:137,2
DA:138,4
DA:139,2
DA:140,4
DA:145,2
DA:146,2
DA:148,2
DA:149,2
DA:151,4
DA:152,6
DA:153,2
DA:154,0
DA:160,1
DA:162,2
DA:163,2
DA:164,2
DA:165,2
DA:167,0
DA:168,0
LF:37
LH:32
end_of_record
SF:lib/core/constants/severity.dart
DA:68,5
DA:69,5
DA:70,25
DA:71,1
DA:84,4
DA:85,4
DA:86,20
DA:87,0
LF:8
LH:7
end_of_record
SF:lib/data/database/interaction_database.g.dart
DA:11,7
DA:14,10
DA:16,5
DA:25,12
DA:27,6
DA:36,10
DA:38,5
DA:47,12
DA:49,6
DA:58,6
DA:59,6
DA:61,6
DA:70,12
DA:72,6
DA:81,12
DA:83,6
DA:92,10
DA:94,5
DA:103,12
DA:105,6
DA:114,6
DA:115,6
DA:117,6
DA:126,12
DA:128,6
DA:137,10
DA:139,5
DA:148,10
DA:150,5
DA:159,10
DA:161,5
DA:170,10
DA:172,5
DA:181,10
DA:183,5
DA:192,10
DA:194,5
DA:203,10
DA:205,5
DA:214,10
DA:216,5
DA:226,10
DA:228,5
DA:238,5
DA:239,5
DA:241,5
DA:250,10
DA:252,5
DA:259,10
DA:261,5
DA:270,10
DA:272,5
DA:281,10
DA:283,5
DA:291,5
DA:292,5
DA:294,5
DA:303,12
DA:305,6
DA:314,10
DA:316,5
DA:325,10
DA:327,5
DA:332,5
DA:333,5
DA:334,5
DA:335,5
DA:336,5
DA:337,5
DA:338,5
DA:339,5
DA:340,5
DA:341,5
DA:342,5
DA:343,5
DA:344,5
DA:345,5
DA:346,5
DA:347,5
DA:348,5
DA:349,5
DA:350,5
DA:351,5
DA:352,5
DA:353,5
DA:354,5
DA:355,5
DA:356,5
DA:357,5
DA:358,5
DA:359,5
DA:360,5
DA:361,5
DA:362,5
DA:364,7
DA:365,14
DA:366,7
DA:369,2
DA:374,2
DA:375,2
DA:376,2
DA:377,8
DA:379,0
DA:381,2
DA:382,2
DA:384,6
DA:387,0
DA:389,2
DA:390,2
DA:392,6
DA:395,0
DA:397,2
DA:398,2
DA:400,6
DA:403,0
DA:405,2
DA:406,2
DA:408,4
DA:409,2
DA:414,2
DA:415,0
DA:417,0
DA:418,0
DA:423,2
DA:424,2
DA:426,6
DA:429,0
DA:431,2
DA:432,2
DA:434,6
DA:437,0
DA:439,2
DA:440,2
DA:442,6
DA:445,0
DA:447,2
DA:448,2
DA:450,4
DA:451,2
DA:456,2
DA:457,0
DA:459,0
DA:460,0
DA:465,2
DA:466,2
DA:468,6
DA:471,0
DA:473,2
DA:474,1
DA:476,3
DA:479,2
DA:480,2
DA:482,6
DA:485,0
DA:487,2
DA:488,2
DA:490,6
DA:493,0
DA:495,2
DA:496,2
DA:498,4
DA:499,2
DA:504,2
DA:505,2
DA:507,4
DA:508,2
DA:513,0
DA:515,2
DA:516,2
DA:518,4
DA:519,2
DA:524,0
DA:526,2
DA:527,0
DA:529,0
DA:530,0
DA:535,2
DA:536,1
DA:538,2
DA:539,1
DA:544,2
DA:545,0
DA:547,0
DA:548,0
DA:553,2
DA:554,2
DA:556,4
DA:557,2
DA:562,0
DA:564,2
DA:565,2
DA:567,6
DA:570,0
DA:572,2
DA:573,2
DA:575,6
DA:578,0
DA:580,2
DA:581,2
DA:583,4
DA:584,2
DA:589,0
DA:591,2
DA:592,2
DA:594,4
DA:595,2
DA:600,0
DA:602,2
DA:603,1
DA:605,3
DA:608,2
DA:609,0
DA:611,0
DA:612,0
DA:617,2
DA:618,2
DA:620,4
DA:621,2
DA:626,0
DA:631,5
DA:632,5
DA:633,3
DA:635,0
DA:636,3
DA:637,9
DA:639,6
DA:641,9
DA:643,6
DA:645,9
DA:647,6
DA:649,9
DA:651,6
DA:653,9
DA:655,6
DA:657,9
DA:659,6
DA:661,9
DA:663,6
DA:665,9
DA:667,6
DA:669,9
DA:671,6
DA:673,9
DA:675,6
DA:677,9
DA:679,6
DA:681,9
DA:683,6
DA:685,9
DA:687,6
DA:689,9
DA:691,6
DA:693,9
DA:695,6
DA:697,9
DA:699,6
DA:701,9
DA:703,6
DA:705,9
DA:707,6
DA:709,9
DA:711,6
DA:713,9
DA:715,6
DA:717,9
DA:719,6
DA:721,9
DA:723,6
DA:725,9
DA:727,6
DA:729,9
DA:731,6
DA:733,9
DA:735,6
DA:737,9
DA:739,6
DA:741,9
DA:743,6
DA:745,9
DA:747,6
DA:749,9
DA:751,6
DA:756,0
DA:758,0
DA:792,3
DA:823,0
DA:825,0
DA:826,0
DA:827,0
DA:828,0
DA:829,0
DA:830,0
DA:831,0
DA:833,0
DA:834,0
DA:836,0
DA:837,0
DA:838,0
DA:839,0
DA:840,0
DA:842,0
DA:843,0
DA:845,0
DA:846,0
DA:847,0
DA:849,0
DA:850,0
DA:851,0
DA:852,0
DA:854,0
DA:855,0
DA:856,0
DA:857,0
DA:858,0
DA:859,0
DA:861,0
DA:862,0
DA:863,0
DA:864,0
DA:865,0
DA:866,0
DA:867,0
DA:869,0
DA:870,0
DA:872,0
DA:876,0
DA:877,0
DA:878,0
DA:879,0
DA:880,0
DA:881,0
DA:882,0
DA:884,0
DA:885,0
DA:887,0
DA:888,0
DA:889,0
DA:890,0
DA:891,0
DA:893,0
DA:894,0
DA:896,0
DA:897,0
DA:898,0
DA:900,0
DA:901,0
DA:902,0
DA:903,0
DA:905,0
DA:906,0
DA:907,0
DA:908,0
DA:909,0
DA:910,0
DA:912,0
DA:913,0
DA:914,0
DA:915,0
DA:916,0
DA:917,0
DA:918,0
DA:920,0
DA:921,0
DA:923,0
DA:924,0
DA:928,0
DA:932,0
DA:933,0
DA:934,0
DA:935,0
DA:936,0
DA:937,0
DA:938,0
DA:939,0
DA:941,0
DA:942,0
DA:943,0
DA:944,0
DA:945,0
DA:946,0
DA:948,0
DA:949,0
DA:950,0
DA:951,0
DA:952,0
DA:953,0
DA:954,0
DA:955,0
DA:956,0
DA:957,0
DA:958,0
DA:959,0
DA:961,0
DA:962,0
DA:963,0
DA:964,0
DA:965,0
DA:966,0
DA:968,0
DA:969,0
DA:970,0
DA:973,0
DA:975,0
DA:976,0
DA:977,0
DA:978,0
DA:979,0
DA:980,0
DA:981,0
DA:982,0
DA:983,0
DA:984,0
DA:985,0
DA:986,0
DA:987,0
DA:988,0
DA:989,0
DA:990,0
DA:991,0
DA:992,0
DA:993,0
DA:994,0
DA:995,0
DA:996,0
DA:997,0
DA:998,0
DA:999,0
DA:1000,0
DA:1001,0
DA:1002,0
DA:1003,0
DA:1004,0
DA:1005,0
DA:1009,0
DA:1039,0
DA:1040,0
DA:1041,0
DA:1042,0
DA:1043,0
DA:1044,0
DA:1045,0
DA:1046,0
DA:1047,0
DA:1048,0
DA:1049,0
DA:1050,0
DA:1051,0
DA:1052,0
DA:1053,0
DA:1054,0
DA:1055,0
DA:1056,0
DA:1057,0
DA:1058,0
DA:1059,0
DA:1060,0
DA:1061,0
DA:1062,0
DA:1063,0
DA:1064,0
DA:1065,0
DA:1066,0
DA:1067,0
DA:1068,0
DA:1069,0
DA:1070,0
DA:1071,0
DA:1072,0
DA:1073,0
DA:1074,0
DA:1075,0
DA:1076,0
DA:1077,0
DA:1078,0
DA:1079,0
DA:1080,0
DA:1081,0
DA:1082,0
DA:1084,0
DA:1085,0
DA:1086,0
DA:1087,0
DA:1088,0
DA:1089,0
DA:1090,0
DA:1091,0
DA:1092,0
DA:1093,0
DA:1094,0
DA:1095,0
DA:1096,0
DA:1097,0
DA:1098,0
DA:1099,0
DA:1100,0
DA:1101,0
DA:1102,0
DA:1103,0
DA:1104,0
DA:1105,0
DA:1106,0
DA:1107,0
DA:1108,0
DA:1109,0
DA:1110,0
DA:1111,0
DA:1112,0
DA:1113,0
DA:1114,0
DA:1115,0
DA:1116,0
DA:1117,0
DA:1118,0
DA:1119,0
DA:1120,0
DA:1121,0
DA:1122,0
DA:1123,0
DA:1124,0
DA:1125,0
DA:1126,0
DA:1127,0
DA:1128,0
DA:1129,0
DA:1130,0
DA:1131,0
DA:1132,0
DA:1133,0
DA:1134,0
DA:1135,0
DA:1136,0
DA:1137,0
DA:1138,0
DA:1139,0
DA:1140,0
DA:1141,0
DA:1142,0
DA:1143,0
DA:1144,0
DA:1145,0
DA:1146,0
DA:1147,0
DA:1148,0
DA:1149,0
DA:1150,0
DA:1151,0
DA:1152,0
DA:1153,0
DA:1154,0
DA:1155,0
DA:1156,0
DA:1157,0
DA:1158,0
DA:1162,0
DA:1164,0
DA:1165,0
DA:1166,0
DA:1167,0
DA:1168,0
DA:1169,0
DA:1170,0
DA:1171,0
DA:1172,0
DA:1173,0
DA:1174,0
DA:1175,0
DA:1176,0
DA:1177,0
DA:1178,0
DA:1179,0
DA:1180,0
DA:1181,0
DA:1182,0
DA:1183,0
DA:1184,0
DA:1185,0
DA:1186,0
DA:1187,0
DA:1188,0
DA:1189,0
DA:1190,0
DA:1191,0
DA:1192,0
DA:1193,0
DA:1194,0
DA:1195,0
DA:1198,0
DA:1199,0
DA:1200,0
DA:1201,0
DA:1202,0
DA:1203,0
DA:1204,0
DA:1205,0
DA:1206,0
DA:1207,0
DA:1208,0
DA:1209,0
DA:1210,0
DA:1211,0
DA:1212,0
DA:1213,0
DA:1214,0
DA:1215,0
DA:1216,0
DA:1217,0
DA:1218,0
DA:1219,0
DA:1220,0
DA:1221,0
DA:1222,0
DA:1223,0
DA:1224,0
DA:1225,0
DA:1226,0
DA:1227,0
DA:1228,0
DA:1230,0
DA:1233,0
DA:1234,0
DA:1235,0
DA:1236,0
DA:1237,0
DA:1238,0
DA:1239,0
DA:1240,0
DA:1241,0
DA:1242,0
DA:1243,0
DA:1244,0
DA:1245,0
DA:1246,0
DA:1247,0
DA:1248,0
DA:1249,0
DA:1250,0
DA:1251,0
DA:1252,0
DA:1253,0
DA:1254,0
DA:1255,0
DA:1256,0
DA:1257,0
DA:1258,0
DA:1259,0
DA:1260,0
DA:1261,0
DA:1262,0
DA:1296,0
DA:1328,2
DA:1359,2
DA:1360,2
DA:1361,2
DA:1362,2
DA:1363,2
DA:1364,2
DA:1365,2
DA:1366,2
DA:1367,2
DA:1368,2
DA:1369,2
DA:1370,2
DA:1371,2
DA:1372,2
DA:1373,2
DA:1374,2
DA:1375,2
DA:1376,2
DA:1377,0
DA:1409,0
DA:1410,0
DA:1411,0
DA:1412,0
DA:1413,0
DA:1414,0
DA:1415,0
DA:1416,0
DA:1417,0
DA:1418,0
DA:1419,0
DA:1420,0
DA:1421,0
DA:1422,0
DA:1423,0
DA:1424,0
DA:1425,0
DA:1426,0
DA:1427,0
DA:1428,0
DA:1429,0
DA:1430,0
DA:1431,0
DA:1432,0
DA:1433,0
DA:1434,0
DA:1436,0
DA:1437,0
DA:1438,0
DA:1439,0
DA:1440,0
DA:1444,0
DA:1476,0
DA:1477,0
DA:1478,0
DA:1479,0
DA:1480,0
DA:1481,0
DA:1482,0
DA:1483,0
DA:1484,0
DA:1485,0
DA:1486,0
DA:1487,0
DA:1488,0
DA:1489,0
DA:1490,0
DA:1491,0
DA:1492,0
DA:1493,0
DA:1494,0
DA:1495,0
DA:1496,0
DA:1497,0
DA:1498,0
DA:1499,0
DA:1500,0
DA:1501,0
DA:1502,0
DA:1503,0
DA:1504,0
DA:1505,0
DA:1506,0
DA:1510,2
DA:1512,2
DA:1513,4
DA:1514,8
DA:1516,4
DA:1517,8
DA:1519,4
DA:1520,8
DA:1522,4
DA:1523,8
DA:1525,4
DA:1526,8
DA:1528,4
DA:1529,0
DA:1531,4
DA:1532,8
DA:1534,4
DA:1535,8
DA:1537,4
DA:1538,8
DA:1540,4
DA:1541,8
DA:1543,4
DA:1544,0
DA:1546,4
DA:1547,8
DA:1549,4
DA:1550,4
DA:1552,4
DA:1553,8
DA:1555,4
DA:1556,8
DA:1558,4
DA:1559,8
DA:1561,4
DA:1562,8
DA:1564,4
DA:1565,8
DA:1567,4
DA:1568,0
DA:1570,4
DA:1571,4
DA:1573,4
DA:1574,0
DA:1576,4
DA:1577,8
DA:1579,4
DA:1580,8
DA:1582,4
DA:1583,8
DA:1585,4
DA:1586,8
DA:1588,4
DA:1589,4
DA:1590,4
DA:1593,4
DA:1594,4
DA:1596,4
DA:1597,0
DA:1599,4
DA:1600,8
DA:1602,4
DA:1603,0
DA:1608,0
DA:1610,0
DA:1611,0
DA:1612,0
DA:1613,0
DA:1614,0
DA:1615,0
DA:1616,0
DA:1617,0
DA:1618,0
DA:1619,0
DA:1620,0
DA:1621,0
DA:1622,0
DA:1623,0
DA:1624,0
DA:1625,0
DA:1626,0
DA:1627,0
DA:1628,0
DA:1629,0
DA:1630,0
DA:1631,0
DA:1632,0
DA:1633,0
DA:1634,0
DA:1635,0
DA:1636,0
DA:1637,0
DA:1638,0
DA:1639,0
DA:1640,0
DA:1641,0
DA:1642,0
DA:1651,6
DA:1656,12
DA:1658,6
DA:1667,10
DA:1669,5
DA:1678,10
DA:1680,5
DA:1687,10
DA:1689,5
DA:1698,10
DA:1700,5
DA:1705,5
DA:1706,5
DA:1707,5
DA:1708,5
DA:1709,5
DA:1710,5
DA:1711,5
DA:1713,6
DA:1714,12
DA:1715,6
DA:1718,2
DA:1723,2
DA:1724,2
DA:1725,2
DA:1726,2
DA:1728,6
DA:1731,0
DA:1733,2
DA:1734,2
DA:1736,6
DA:1739,0
DA:1741,2
DA:1742,2
DA:1744,4
DA:1745,2
DA:1750,0
DA:1752,2
DA:1753,2
DA:1755,6
DA:1758,0
DA:1760,2
DA:1761,2
DA:1763,4
DA:1764,2
DA:1769,0
DA:1774,5
DA:1775,5
DA:1776,3
DA:1778,0
DA:1779,3
DA:1780,9
DA:1782,6
DA:1784,9
DA:1786,6
DA:1788,9
DA:1790,6
DA:1792,9
DA:1794,6
DA:1796,9
DA:1798,6
DA:1803,0
DA:1805,0
DA:1819,3
DA:1826,0
DA:1828,0
DA:1829,0
DA:1830,0
DA:1831,0
DA:1832,0
DA:1833,0
DA:1837,0
DA:1838,0
DA:1839,0
DA:1840,0
DA:1841,0
DA:1842,0
DA:1843,0
DA:1847,0
DA:1851,0
DA:1852,0
DA:1853,0
DA:1854,0
DA:1855,0
DA:1856,0
DA:1857,0
DA:1860,0
DA:1862,0
DA:1863,0
DA:1864,0
DA:1865,0
DA:1866,0
DA:1867,0
DA:1868,0
DA:1872,0
DA:1878,0
DA:1879,0
DA:1880,0
DA:1881,0
DA:1882,0
DA:1883,0
DA:1885,0
DA:1886,0
DA:1887,0
DA:1888,0
DA:1889,0
DA:1890,0
DA:1891,0
DA:1892,0
DA:1893,0
DA:1894,0
DA:1895,0
DA:1899,0
DA:1901,0
DA:1902,0
DA:1903,0
DA:1904,0
DA:1905,0
DA:1906,0
DA:1907,0
DA:1908,0
DA:1911,0
DA:1913,0
DA:1914,0
DA:1917,0
DA:1918,0
DA:1919,0
DA:1920,0
DA:1921,0
DA:1922,0
DA:1932,0
DA:1940,2
DA:1947,2
DA:1948,2
DA:1949,2
DA:1950,2
DA:1951,2
DA:1952,0
DA:1960,0
DA:1961,0
DA:1962,0
DA:1963,0
DA:1964,0
DA:1965,0
DA:1966,0
DA:1970,0
DA:1978,0
DA:1979,0
DA:1980,0
DA:1981,0
DA:1982,0
DA:1983,0
DA:1984,0
DA:1988,2
DA:1990,2
DA:1991,4
DA:1992,8
DA:1994,4
DA:1995,8
DA:1997,4
DA:1998,8
DA:2000,4
DA:2001,8
DA:2003,4
DA:2004,8
DA:2006,4
DA:2007,0
DA:2012,0
DA:2014,0
DA:2015,0
DA:2016,0
DA:2017,0
DA:2018,0
DA:2019,0
DA:2020,0
DA:2021,0
DA:2022,0
DA:2031,5
DA:2034,10
DA:2036,5
DA:2043,10
DA:2045,5
DA:2052,10
DA:2054,5
DA:2063,10
DA:2065,5
DA:2074,10
DA:2076,5
DA:2085,10
DA:2087,5
DA:2096,10
DA:2098,5
DA:2107,10
DA:2109,5
DA:2118,10
DA:2120,5
DA:2127,10
DA:2129,5
DA:2136,10
DA:2138,5
DA:2147,10
DA:2149,5
DA:2158,10
DA:2160,5
DA:2168,10
DA:2170,5
DA:2179,10
DA:2181,5
DA:2190,10
DA:2192,5
DA:2201,10
DA:2203,5
DA:2210,10
DA:2212,5
DA:2222,10
DA:2224,5
DA:2229,5
DA:2230,5
DA:2231,5
DA:2232,5
DA:2233,5
DA:2234,5
DA:2235,5
DA:2236,5
DA:2237,5
DA:2238,5
DA:2239,5
DA:2240,5
DA:2241,5
DA:2242,5
DA:2243,5
DA:2244,5
DA:2245,5
DA:2246,5
DA:2247,5
DA:2248,5
DA:2249,5
DA:2251,5
DA:2252,10
DA:2253,5
DA:2256,0
DA:2261,0
DA:2262,0
DA:2263,0
DA:2264,0
DA:2266,0
DA:2269,0
DA:2271,0
DA:2272,0
DA:2274,0
DA:2277,0
DA:2279,0
DA:2280,0
DA:2282,0
DA:2285,0
DA:2287,0
DA:2288,0
DA:2290,0
DA:2291,0
DA:2296,0
DA:2298,0
DA:2299,0
DA:2301,0
DA:2302,0
DA:2307,0
DA:2309,0
DA:2310,0
DA:2312,0
DA:2313,0
DA:2318,0
DA:2320,0
DA:2321,0
DA:2323,0
DA:2324,0
DA:2329,0
DA:2331,0
DA:2332,0
DA:2334,0
DA:2335,0
DA:2340,0
DA:2341,0
DA:2343,0
DA:2344,0
DA:2349,0
DA:2350,0
DA:2352,0
DA:2355,0
DA:2356,0
DA:2358,0
DA:2361,0
DA:2362,0
DA:2364,0
DA:2367,0
DA:2369,0
DA:2370,0
DA:2372,0
DA:2373,0
DA:2378,0
DA:2380,0
DA:2381,0
DA:2383,0
DA:2384,0
DA:2389,0
DA:2391,0
DA:2392,0
DA:2394,0
DA:2395,0
DA:2400,0
DA:2402,0
DA:2403,0
DA:2405,0
DA:2406,0
DA:2411,0
DA:2413,0
DA:2414,0
DA:2416,0
DA:2417,0
DA:2422,0
DA:2423,0
DA:2425,0
DA:2428,0
DA:2429,0
DA:2431,0
DA:2432,0
DA:2437,0
DA:2442,5
DA:2443,5
DA:2444,0
DA:2446,0
DA:2447,0
DA:2448,0
DA:2450,0
DA:2452,0
DA:2454,0
DA:2456,0
DA:2458,0
DA:2460,0
DA:2462,0
DA:2464,0
DA:2466,0
DA:2468,0
DA:2470,0
DA:2472,0
DA:2474,0
DA:2476,0
DA:2478,0
DA:2480,0
DA:2482,0
DA:2484,0
DA:2486,0
DA:2488,0
DA:2490,0
DA:2492,0
DA:2494,0
DA:2496,0
DA:2498,0
DA:2500,0
DA:2502,0
DA:2504,0
DA:2506,0
DA:2508,0
DA:2510,0
DA:2512,0
DA:2514,0
DA:2516,0
DA:2518,0
DA:2520,0
DA:2522,0
DA:2527,0
DA:2529,0
DA:2560,0
DA:2581,0
DA:2583,0
DA:2584,0
DA:2585,0
DA:2586,0
DA:2587,0
DA:2588,0
DA:2589,0
DA:2590,0
DA:2591,0
DA:2592,0
DA:2594,0
DA:2595,0
DA:2597,0
DA:2598,0
DA:2600,0
DA:2601,0
DA:2603,0
DA:2604,0
DA:2605,0
DA:2606,0
DA:2607,0
DA:2608,0
DA:2609,0
DA:2611,0
DA:2612,0
DA:2616,0
DA:2617,0
DA:2618,0
DA:2619,0
DA:2620,0
DA:2621,0
DA:2622,0
DA:2623,0
DA:2624,0
DA:2625,0
DA:2627,0
DA:2628,0
DA:2630,0
DA:2631,0
DA:2633,0
DA:2634,0
DA:2636,0
DA:2637,0
DA:2638,0
DA:2639,0
DA:2640,0
DA:2641,0
DA:2642,0
DA:2644,0
DA:2645,0
DA:2646,0
DA:2650,0
DA:2654,0
DA:2655,0
DA:2656,0
DA:2657,0
DA:2658,0
DA:2659,0
DA:2660,0
DA:2661,0
DA:2662,0
DA:2663,0
DA:2664,0
DA:2665,0
DA:2666,0
DA:2667,0
DA:2668,0
DA:2669,0
DA:2670,0
DA:2671,0
DA:2672,0
DA:2673,0
DA:2674,0
DA:2677,0
DA:2679,0
DA:2680,0
DA:2681,0
DA:2682,0
DA:2683,0
DA:2684,0
DA:2685,0
DA:2686,0
DA:2687,0
DA:2688,0
DA:2689,0
DA:2690,0
DA:2691,0
DA:2692,0
DA:2693,0
DA:2694,0
DA:2695,0
DA:2696,0
DA:2697,0
DA:2698,0
DA:2699,0
DA:2703,0
DA:2723,0
DA:2724,0
DA:2725,0
DA:2726,0
DA:2727,0
DA:2728,0
DA:2729,0
DA:2730,0
DA:2731,0
DA:2732,0
DA:2733,0
DA:2734,0
DA:2735,0
DA:2736,0
DA:2737,0
DA:2738,0
DA:2739,0
DA:2740,0
DA:2741,0
DA:2742,0
DA:2743,0
DA:2744,0
DA:2746,0
DA:2747,0
DA:2748,0
DA:2749,0
DA:2750,0
DA:2751,0
DA:2752,0
DA:2753,0
DA:2754,0
DA:2755,0
DA:2756,0
DA:2757,0
DA:2758,0
DA:2759,0
DA:2760,0
DA:2761,0
DA:2762,0
DA:2763,0
DA:2764,0
DA:2765,0
DA:2766,0
DA:2767,0
DA:2768,0
DA:2769,0
DA:2770,0
DA:2771,0
DA:2772,0
DA:2773,0
DA:2774,0
DA:2775,0
DA:2776,0
DA:2777,0
DA:2778,0
DA:2779,0
DA:2780,0
DA:2781,0
DA:2782,0
DA:2783,0
DA:2784,0
DA:2785,0
DA:2786,0
DA:2787,0
DA:2788,0
DA:2789,0
DA:2790,0
DA:2791,0
DA:2792,0
DA:2796,0
DA:2798,0
DA:2799,0
DA:2800,0
DA:2801,0
DA:2802,0
DA:2803,0
DA:2804,0
DA:2805,0
DA:2806,0
DA:2807,0
DA:2808,0
DA:2809,0
DA:2810,0
DA:2811,0
DA:2812,0
DA:2813,0
DA:2814,0
DA:2815,0
DA:2816,0
DA:2817,0
DA:2818,0
DA:2819,0
DA:2822,0
DA:2823,0
DA:2824,0
DA:2825,0
DA:2826,0
DA:2827,0
DA:2828,0
DA:2829,0
DA:2830,0
DA:2831,0
DA:2832,0
DA:2833,0
DA:2834,0
DA:2835,0
DA:2836,0
DA:2837,0
DA:2838,0
DA:2839,0
DA:2840,0
DA:2841,0
DA:2842,0
DA:2844,0
DA:2847,0
DA:2848,0
DA:2849,0
DA:2850,0
DA:2851,0
DA:2852,0
DA:2853,0
DA:2854,0
DA:2855,0
DA:2856,0
DA:2857,0
DA:2858,0
DA:2859,0
DA:2860,0
DA:2861,0
DA:2862,0
DA:2863,0
DA:2864,0
DA:2865,0
DA:2866,0
DA:2890,0
DA:2912,0
DA:2933,0
DA:2934,0
DA:2935,0
DA:2936,0
DA:2937,0
DA:2938,0
DA:2939,0
DA:2940,0
DA:2941,0
DA:2942,0
DA:2943,0
DA:2944,0
DA:2945,0
DA:2946,0
DA:2968,0
DA:2969,0
DA:2970,0
DA:2971,0
DA:2972,0
DA:2973,0
DA:2974,0
DA:2975,0
DA:2976,0
DA:2977,0
DA:2978,0
DA:2979,0
DA:2980,0
DA:2981,0
DA:2983,0
DA:2984,0
DA:2985,0
DA:2986,0
DA:2987,0
DA:2988,0
DA:2989,0
DA:2993,0
DA:3015,0
DA:3016,0
DA:3017,0
DA:3018,0
DA:3019,0
DA:3020,0
DA:3021,0
DA:3022,0
DA:3023,0
DA:3024,0
DA:3025,0
DA:3026,0
DA:3027,0
DA:3028,0
DA:3029,0
DA:3030,0
DA:3031,0
DA:3032,0
DA:3033,0
DA:3034,0
DA:3035,0
DA:3039,0
DA:3041,0
DA:3042,0
DA:3043,0
DA:3045,0
DA:3046,0
DA:3048,0
DA:3049,0
DA:3051,0
DA:3052,0
DA:3054,0
DA:3055,0
DA:3057,0
DA:3058,0
DA:3060,0
DA:3061,0
DA:3063,0
DA:3064,0
DA:3066,0
DA:3067,0
DA:3069,0
DA:3070,0
DA:3072,0
DA:3073,0
DA:3075,0
DA:3076,0
DA:3078,0
DA:3079,0
DA:3081,0
DA:3082,0
DA:3084,0
DA:3085,0
DA:3087,0
DA:3088,0
DA:3090,0
DA:3091,0
DA:3093,0
DA:3094,0
DA:3096,0
DA:3097,0
DA:3099,0
DA:3100,0
DA:3105,0
DA:3107,0
DA:3108,0
DA:3109,0
DA:3110,0
DA:3111,0
DA:3112,0
DA:3113,0
DA:3114,0
DA:3115,0
DA:3116,0
DA:3117,0
DA:3118,0
DA:3119,0
DA:3120,0
DA:3121,0
DA:3122,0
DA:3123,0
DA:3124,0
DA:3125,0
DA:3126,0
DA:3127,0
DA:3128,0
DA:3129,0
DA:3138,7
DA:3141,10
DA:3143,5
DA:3150,10
DA:3152,5
DA:3157,5
DA:3158,15
DA:3159,7
DA:3160,14
DA:3161,7
DA:3164,0
DA:3169,0
DA:3170,0
DA:3171,0
DA:3172,0
DA:3174,0
DA:3177,0
DA:3179,0
DA:3180,0
DA:3182,0
DA:3185,0
DA:3190,5
DA:3191,5
DA:3192,2
DA:3197,0
DA:3198,2
DA:3199,6
DA:3201,4
DA:3203,6
DA:3205,4
DA:3210,0
DA:3212,0
DA:3220,2
DA:3221,0
DA:3223,0
DA:3224,0
DA:3225,0
DA:3229,0
DA:3230,0
DA:3231,0
DA:3232,0
DA:3236,0
DA:3240,0
DA:3241,0
DA:3242,0
DA:3243,0
DA:3246,0
DA:3248,0
DA:3249,0
DA:3250,0
DA:3251,0
DA:3255,0
DA:3256,0
DA:3257,0
DA:3258,0
DA:3260,0
DA:3263,0
DA:3264,0
DA:3265,0
DA:3269,0
DA:3271,0
DA:3272,0
DA:3273,0
DA:3274,0
DA:3275,0
DA:3278,0
DA:3279,0
DA:3280,0
DA:3283,0
DA:3284,0
DA:3285,0
DA:3293,0
DA:3298,0
DA:3302,0
DA:3303,0
DA:3304,0
DA:3309,0
DA:3310,0
DA:3311,0
DA:3312,0
DA:3316,0
DA:3321,0
DA:3322,0
DA:3323,0
DA:3324,0
DA:3328,0
DA:3330,0
DA:3331,0
DA:3332,0
DA:3334,0
DA:3335,0
DA:3337,0
DA:3338,0
DA:3343,0
DA:3345,0
DA:3346,0
DA:3347,0
DA:3348,0
DA:3349,0
DA:3350,0
DA:3355,16
DA:3356,0
DA:3357,14
DA:3358,12
DA:3359,10
DA:3360,7
DA:3361,7
DA:3362,0
DA:3364,0
DA:3365,5
DA:3366,5
DA:3367,5
DA:3368,5
DA:3369,5
DA:3370,5
DA:3443,0
DA:3450,0
DA:3451,0
DA:3452,0
DA:3455,0
DA:3456,0
DA:3457,0
DA:3460,0
DA:3461,0
DA:3462,0
DA:3465,0
DA:3466,0
DA:3467,0
DA:3470,0
DA:3471,0
DA:3472,0
DA:3475,0
DA:3476,0
DA:3477,0
DA:3480,0
DA:3481,0
DA:3482,0
DA:3485,0
DA:3486,0
DA:3487,0
DA:3490,0
DA:3491,0
DA:3492,0
DA:3495,0
DA:3496,0
DA:3497,0
DA:3500,0
DA:3501,0
DA:3502,0
DA:3505,0
DA:3506,0
DA:3507,0
DA:3510,0
DA:3511,0
DA:3512,0
DA:3515,0
DA:3516,0
DA:3517,0
DA:3520,0
DA:3521,0
DA:3522,0
DA:3525,0
DA:3526,0
DA:3527,0
DA:3530,0
DA:3531,0
DA:3532,0
DA:3535,0
DA:3536,0
DA:3537,0
DA:3540,0
DA:3541,0
DA:3542,0
DA:3545,0
DA:3546,0
DA:3547,0
DA:3550,0
DA:3551,0
DA:3552,0
DA:3555,0
DA:3556,0
DA:3557,0
DA:3560,0
DA:3561,0
DA:3562,0
DA:3565,0
DA:3566,0
DA:3567,0
DA:3570,0
DA:3571,0
DA:3572,0
DA:3575,0
DA:3576,0
DA:3577,0
DA:3580,0
DA:3581,0
DA:3582,0
DA:3585,0
DA:3586,0
DA:3587,0
DA:3590,0
DA:3591,0
DA:3592,0
DA:3598,0
DA:3605,0
DA:3606,0
DA:3607,0
DA:3610,0
DA:3611,0
DA:3612,0
DA:3615,0
DA:3616,0
DA:3617,0
DA:3620,0
DA:3621,0
DA:3622,0
DA:3625,0
DA:3626,0
DA:3627,0
DA:3630,0
DA:3631,0
DA:3632,0
DA:3635,0
DA:3636,0
DA:3637,0
DA:3640,0
DA:3641,0
DA:3642,0
DA:3645,0
DA:3646,0
DA:3647,0
DA:3650,0
DA:3651,0
DA:3652,0
DA:3655,0
DA:3656,0
DA:3657,0
DA:3660,0
DA:3661,0
DA:3662,0
DA:3665,0
DA:3666,0
DA:3667,0
DA:3670,0
DA:3671,0
DA:3672,0
DA:3675,0
DA:3676,0
DA:3677,0
DA:3680,0
DA:3681,0
DA:3682,0
DA:3685,0
DA:3686,0
DA:3687,0
DA:3690,0
DA:3691,0
DA:3692,0
DA:3695,0
DA:3696,0
DA:3697,0
DA:3700,0
DA:3701,0
DA:3702,0
DA:3705,0
DA:3706,0
DA:3707,0
DA:3710,0
DA:3711,0
DA:3712,0
DA:3715,0
DA:3716,0
DA:3717,0
DA:3720,0
DA:3721,0
DA:3722,0
DA:3725,0
DA:3726,0
DA:3727,0
DA:3730,0
DA:3731,0
DA:3732,0
DA:3735,0
DA:3736,0
DA:3737,0
DA:3740,0
DA:3741,0
DA:3742,0
DA:3745,0
DA:3746,0
DA:3747,0
DA:3753,0
DA:3760,0
DA:3761,0
DA:3763,0
DA:3764,0
DA:3765,0
DA:3768,0
DA:3769,0
DA:3770,0
DA:3773,0
DA:3774,0
DA:3776,0
DA:3777,0
DA:3778,0
DA:3781,0
DA:3782,0
DA:3783,0
DA:3786,0
DA:3787,0
DA:3788,0
DA:3791,0
DA:3792,0
DA:3793,0
DA:3796,0
DA:3797,0
DA:3799,0
DA:3800,0
DA:3801,0
DA:3804,0
DA:3805,0
DA:3806,0
DA:3809,0
DA:3810,0
DA:3812,0
DA:3813,0
DA:3814,0
DA:3817,0
DA:3818,0
DA:3820,0
DA:3821,0
DA:3822,0
DA:3825,0
DA:3826,0
DA:3827,0
DA:3830,0
DA:3831,0
DA:3832,0
DA:3835,0
DA:3836,0
DA:3837,0
DA:3840,0
DA:3841,0
DA:3842,0
DA:3845,0
DA:3846,0
DA:3847,0
DA:3850,0
DA:3851,0
DA:3852,0
DA:3855,0
DA:3856,0
DA:3857,0
DA:3860,0
DA:3861,0
DA:3863,0
DA:3864,0
DA:3865,0
DA:3868,0
DA:3869,0
DA:3870,0
DA:3873,0
DA:3874,0
DA:3875,0
DA:3878,0
DA:3879,0
DA:3881,0
DA:3882,0
DA:3883,0
DA:3886,0
DA:3887,0
DA:3888,0
DA:3914,0
DA:3917,0
DA:3918,0
DA:3921,0
DA:3922,0
DA:3923,0
DA:3924,0
DA:3925,0
DA:3926,0
DA:3928,0
DA:3959,0
DA:3992,0
DA:4023,0
DA:4055,0
DA:4056,0
DA:4057,0
DA:4105,0
DA:4112,0
DA:4113,0
DA:4114,0
DA:4117,0
DA:4118,0
DA:4119,0
DA:4122,0
DA:4123,0
DA:4124,0
DA:4127,0
DA:4128,0
DA:4129,0
DA:4132,0
DA:4133,0
DA:4134,0
DA:4140,0
DA:4147,0
DA:4148,0
DA:4149,0
DA:4152,0
DA:4153,0
DA:4154,0
DA:4157,0
DA:4158,0
DA:4159,0
DA:4162,0
DA:4163,0
DA:4164,0
DA:4167,0
DA:4168,0
DA:4169,0
DA:4175,0
DA:4182,0
DA:4183,0
DA:4185,0
DA:4186,0
DA:4188,0
DA:4189,0
DA:4190,0
DA:4193,0
DA:4194,0
DA:4196,0
DA:4197,0
DA:4198,0
DA:4224,0
DA:4227,0
DA:4228,0
DA:4231,0
DA:4232,0
DA:4233,0
DA:4234,0
DA:4235,0
DA:4236,0
DA:4238,0
DA:4245,0
DA:4254,0
DA:4261,0
DA:4269,0
DA:4270,0
DA:4271,0
DA:4347,0
DA:4354,0
DA:4355,0
DA:4356,0
DA:4359,0
DA:4360,0
DA:4361,0
DA:4364,0
DA:4365,0
DA:4366,0
DA:4369,0
DA:4370,0
DA:4371,0
DA:4374,0
DA:4375,0
DA:4376,0
DA:4379,0
DA:4380,0
DA:4381,0
DA:4384,0
DA:4385,0
DA:4386,0
DA:4389,0
DA:4390,0
DA:4391,0
DA:4394,0
DA:4395,0
DA:4396,0
DA:4399,0
DA:4400,0
DA:4401,0
DA:4404,0
DA:4405,0
DA:4406,0
DA:4409,0
DA:4410,0
DA:4411,0
DA:4414,0
DA:4415,0
DA:4416,0
DA:4419,0
DA:4420,0
DA:4421,0
DA:4424,0
DA:4425,0
DA:4426,0
DA:4429,0
DA:4430,0
DA:4431,0
DA:4434,0
DA:4435,0
DA:4436,0
DA:4439,0
DA:4440,0
DA:4441,0
DA:4444,0
DA:4445,0
DA:4446,0
DA:4452,0
DA:4459,0
DA:4460,0
DA:4461,0
DA:4464,0
DA:4465,0
DA:4466,0
DA:4469,0
DA:4470,0
DA:4471,0
DA:4474,0
DA:4475,0
DA:4476,0
DA:4479,0
DA:4480,0
DA:4481,0
DA:4484,0
DA:4485,0
DA:4486,0
DA:4489,0
DA:4490,0
DA:4491,0
DA:4494,0
DA:4495,0
DA:4496,0
DA:4499,0
DA:4500,0
DA:4501,0
DA:4504,0
DA:4505,0
DA:4506,0
DA:4509,0
DA:4510,0
DA:4511,0
DA:4514,0
DA:4515,0
DA:4516,0
DA:4519,0
DA:4520,0
DA:4521,0
DA:4524,0
DA:4525,0
DA:4526,0
DA:4529,0
DA:4530,0
DA:4531,0
DA:4534,0
DA:4535,0
DA:4536,0
DA:4539,0
DA:4540,0
DA:4541,0
DA:4544,0
DA:4545,0
DA:4546,0
DA:4549,0
DA:4550,0
DA:4551,0
DA:4557,0
DA:4564,0
DA:4565,0
DA:4567,0
DA:4568,0
DA:4570,0
DA:4571,0
DA:4573,0
DA:4574,0
DA:4575,0
DA:4578,0
DA:4579,0
DA:4580,0
DA:4583,0
DA:4584,0
DA:4585,0
DA:4588,0
DA:4589,0
DA:4590,0
DA:4593,0
DA:4594,0
DA:4595,0
DA:4598,0
DA:4599,0
DA:4600,0
DA:4603,0
DA:4604,0
DA:4606,0
DA:4607,0
DA:4609,0
DA:4610,0
DA:4611,0
DA:4614,0
DA:4615,0
DA:4616,0
DA:4619,0
DA:4620,0
DA:4621,0
DA:4624,0
DA:4625,0
DA:4626,0
DA:4629,0
DA:4630,0
DA:4631,0
DA:4634,0
DA:4635,0
DA:4636,0
DA:4639,0
DA:4640,0
DA:4642,0
DA:4643,0
DA:4644,0
DA:4670,0
DA:4673,0
DA:4674,0
DA:4677,0
DA:4678,0
DA:4679,0
DA:4680,0
DA:4681,0
DA:4682,0
DA:4684,0
DA:4705,0
DA:4728,0
DA:4749,0
DA:4771,0
DA:4772,0
DA:4773,0
DA:4815,0
DA:4822,0
DA:4823,0
DA:4824,0
DA:4827,0
DA:4828,0
DA:4829,0
DA:4835,0
DA:4842,0
DA:4843,0
DA:4844,0
DA:4847,0
DA:4848,0
DA:4849,0
DA:4855,0
DA:4862,0
DA:4863,0
DA:4865,0
DA:4866,0
DA:4891,0
DA:4894,0
DA:4895,0
DA:4898,0
DA:4899,0
DA:4903,0
DA:4904,0
DA:4908,0
DA:4909,0
DA:4914,0
DA:4918,0
DA:4924,0
DA:4928,0
DA:4933,0
DA:4934,0
DA:4935,0
DA:4965,0
DA:4966,0
DA:4967,0
DA:4968,0
DA:4969,0
DA:4970,0
DA:4971,0
DA:4972,0
DA:4974,0
DA:4975,0
DA:4976,0
LF:2235
LH:496
end_of_record
SF:lib/data/database/interaction_database.dart
DA:22,2
DA:98,2
DA:99,4
DA:102,18
DA:104,7
DA:107,7
DA:108,7
DA:109,5
DA:114,5
DA:116,0
DA:123,2
DA:124,4
DA:141,4
DA:142,12
DA:143,4
DA:144,12
DA:145,12
DA:146,8
DA:148,4
DA:157,1
DA:158,3
DA:159,1
DA:160,6
DA:161,6
DA:162,2
DA:164,1
DA:182,1
DA:183,4
DA:185,6
DA:186,5
DA:188,3
DA:189,2
DA:190,4
DA:192,1
DA:202,1
DA:208,4
DA:210,3
DA:211,3
DA:212,3
DA:213,2
DA:215,3
DA:216,3
DA:217,3
DA:218,2
DA:219,4
DA:221,1
DA:236,1
DA:237,1
DA:238,1
DA:239,5
DA:243,2
DA:244,1
DA:246,2
DA:247,3
DA:248,1
DA:249,0
DA:265,2
DA:266,6
DA:267,10
DA:269,2
DA:270,2
DA:271,2
DA:272,0
DA:280,2
DA:281,2
DA:282,2
DA:284,0
DA:285,0
DA:291,2
DA:292,2
DA:293,2
DA:294,2
DA:295,2
DA:296,2
DA:297,2
DA:298,2
DA:299,2
DA:300,2
DA:301,2
DA:307,2
DA:308,2
DA:310,2
DA:311,2
DA:312,2
LF:84
LH:79
end_of_record
SF:lib/core/models/stack_intelligence.dart
DA:20,1
DA:21,1
DA:22,1
DA:23,1
DA:24,1
DA:25,1
DA:26,0
DA:37,3
DA:57,3
DA:82,2
DA:94,2
DA:102,2
DA:106,1
DA:107,1
DA:108,1
DA:113,1
DA:114,1
LF:17
LH:16
end_of_record
SF:lib/core/models/stack_safety_score.dart
DA:18,2
DA:19,2
DA:20,1
DA:21,1
DA:22,1
DA:47,2
DA:55,1
DA:56,3
DA:58,1
DA:59,3
DA:61,0
DA:62,0
DA:64,0
DA:66,0
DA:67,0
DA:72,0
DA:73,0
DA:75,0
DA:76,0
DA:78,0
DA:79,0
DA:80,0
DA:81,0
DA:85,0
DA:86,0
DA:87,0
DA:89,0
DA:90,0
LF:28
LH:10
end_of_record
SF:lib/core/models/synergy_result.dart
DA:10,0
LF:1
LH:0
end_of_record
SF:lib/core/models/timing_optimization.dart
DA:20,1
DA:21,2
DA:22,1
DA:24,1
DA:26,1
DA:28,1
DA:30,1
DA:80,1
DA:96,3
DA:99,1
DA:100,1
DA:101,2
DA:102,2
DA:106,1
DA:108,2
DA:109,2
DA:110,3
LF:17
LH:17
end_of_record
SF:lib/data/database/tables/drug_class_map_table.dart
DA:18,0
DA:19,0
DA:24,0
DA:26,0
DA:27,0
DA:29,0
DA:30,0
DA:32,0
LF:8
LH:0
end_of_record
SF:lib/data/database/tables/interaction_db_metadata_table.dart
DA:26,0
DA:27,0
DA:29,0
DA:30,0
DA:32,0
LF:5
LH:0
end_of_record
SF:lib/data/database/tables/interactions_table.dart
DA:20,0
DA:24,0
DA:25,0
DA:26,0
DA:27,0
DA:28,0
DA:29,0
DA:30,0
DA:33,0
DA:34,0
DA:35,0
DA:36,0
DA:37,0
DA:38,0
DA:39,0
DA:42,0
DA:43,0
DA:44,0
DA:45,0
DA:46,0
DA:47,0
DA:48,0
DA:49,0
DA:50,0
DA:53,0
DA:54,0
DA:57,0
DA:58,0
DA:59,0
DA:60,0
DA:61,0
DA:64,0
DA:65,0
DA:66,0
DA:71,0
DA:72,0
DA:73,0
DA:74,0
DA:75,0
DA:77,0
DA:78,0
DA:80,0
LF:42
LH:0
end_of_record
SF:lib/data/database/tables/research_pairs_table.dart
DA:23,0
DA:25,0
DA:26,0
DA:27,0
DA:28,0
DA:29,0
DA:30,0
DA:32,0
DA:33,0
DA:34,0
DA:35,0
DA:37,0
DA:38,0
DA:39,0
DA:42,0
DA:45,0
DA:47,0
DA:48,0
DA:50,0
DA:51,0
DA:53,0
DA:54,0
DA:56,0
LF:23
LH:0
end_of_record
SF:lib/core/widgets/pg_haptics.dart
DA:17,9
DA:19,8
DA:24,0
DA:25,0
DA:26,0
DA:31,9
DA:32,9
DA:33,9
DA:40,0
DA:41,0
DA:42,0
DA:57,0
DA:58,0
DA:59,0
DA:60,0
DA:61,0
DA:66,0
DA:70,0
DA:77,0
DA:78,0
DA:79,0
DA:80,0
DA:81,0
DA:82,0
DA:88,0
DA:96,0
DA:98,0
DA:100,0
DA:101,0
DA:102,0
DA:103,0
DA:104,0
DA:105,0
DA:106,0
DA:107,0
DA:112,0
DA:132,0
DA:133,0
DA:135,0
DA:136,0
DA:137,0
DA:138,0
DA:139,0
DA:140,0
DA:141,0
DA:142,0
DA:143,0
DA:144,0
DA:145,0
DA:146,0
DA:147,0
DA:148,0
DA:149,0
DA:150,0
DA:152,0
LF:55
LH:5
end_of_record
SF:lib/services/warnings/profile_gate_evaluator.dart
DA:41,3
DA:47,0
DA:49,0
DA:58,3
DA:64,2
DA:65,2
DA:66,2
DA:67,2
DA:70,1
DA:71,1
DA:72,2
DA:85,3
DA:92,2
DA:93,2
DA:94,2
DA:95,2
DA:96,1
DA:98,2
DA:101,1
DA:102,2
DA:109,3
DA:119,0
DA:126,6
DA:127,6
DA:130,3
DA:131,3
DA:132,3
DA:133,3
DA:136,6
DA:137,6
DA:138,9
DA:139,2
DA:142,2
DA:144,4
DA:150,6
DA:151,6
DA:152,3
DA:153,0
DA:154,0
DA:155,0
DA:158,0
DA:164,3
DA:166,9
DA:167,3
DA:170,3
DA:176,3
DA:178,6
DA:179,2
DA:182,2
DA:190,3
DA:191,3
DA:192,1
DA:198,3
DA:207,1
DA:211,0
DA:213,1
DA:214,1
DA:215,2
DA:216,2
DA:217,2
DA:222,2
DA:223,2
DA:225,1
DA:229,1
DA:230,1
DA:231,0
DA:233,3
DA:234,2
DA:235,0
DA:241,1
DA:247,1
DA:248,1
DA:249,0
DA:254,2
DA:255,1
DA:256,3
DA:257,0
DA:259,1
DA:263,1
DA:264,4
DA:265,2
DA:271,1
DA:272,1
DA:276,6
DA:277,2
DA:278,1
DA:279,2
DA:284,1
DA:285,2
DA:286,1
DA:292,0
DA:293,0
DA:294,0
DA:295,0
DA:297,0
DA:298,0
DA:299,0
DA:300,0
DA:301,0
DA:302,0
DA:305,0
DA:306,0
DA:307,0
DA:308,0
DA:309,0
DA:310,0
DA:313,0
DA:314,0
DA:315,0
DA:316,0
DA:317,0
DA:318,0
DA:321,0
DA:322,0
DA:323,0
DA:333,3
DA:334,3
DA:335,0
DA:336,0
DA:341,3
DA:342,3
DA:343,6
DA:348,0
DA:349,0
DA:351,0
DA:352,0
DA:353,0
DA:354,0
DA:359,1
DA:363,1
DA:364,1
DA:365,1
DA:367,2
DA:368,0
DA:371,1
DA:372,1
DA:376,1
DA:377,0
DA:379,1
DA:380,1
DA:382,0
DA:383,0
DA:385,0
DA:386,0
DA:388,0
DA:389,0
DA:392,0
DA:396,1
DA:397,1
LF:149
LH:95
end_of_record
SF:lib/core/widgets/pg_card.dart
DA:78,24
DA:89,24
DA:91,24
DA:92,24
DA:93,48
DA:94,48
DA:100,24
DA:101,24
DA:102,20
DA:104,40
DA:106,9
DA:107,5
DA:109,10
DA:111,5
DA:112,2
DA:113,1
DA:117,5
DA:118,5
DA:124,24
DA:131,72
DA:133,47
DA:134,23
DA:142,5
DA:146,5
DA:150,5
DA:151,5
DA:152,5
DA:153,10
DA:154,10
LF:29
LH:29
end_of_record
SF:lib/core/widgets/pg_evidence_badge.dart
DA:15,1
DA:17,1
DA:18,1
DA:19,1
DA:25,0
DA:27,0
DA:36,1
DA:38,1
DA:39,2
DA:41,1
DA:43,1
DA:44,1
DA:45,1
DA:46,2
DA:48,1
DA:50,1
DA:51,1
DA:54,1
DA:55,1
DA:58,1
DA:63,1
DA:65,1
DA:68,1
DA:83,1
DA:89,1
DA:95,3
DA:97,2
DA:98,2
DA:99,3
DA:100,2
DA:101,1
DA:104,1
DA:105,1
DA:108,1
DA:109,4
DA:110,1
DA:111,1
DA:115,1
DA:117,3
DA:118,3
DA:119,3
LF:41
LH:39
end_of_record
SF:lib/core/widgets/pg_frosted_nav_bar.dart
DA:47,0
DA:55,0
DA:57,0
DA:58,0
DA:59,0
DA:61,0
DA:62,0
DA:63,0
DA:64,0
DA:65,0
DA:66,0
DA:67,0
DA:68,0
DA:71,0
DA:72,0
DA:73,0
DA:74,0
DA:79,0
LF:18
LH:0
end_of_record
SF:lib/core/widgets/pg_interaction_card.dart
DA:38,1
DA:50,1
DA:51,1
DA:57,1
DA:59,1
DA:60,3
DA:63,1
DA:64,2
DA:65,1
DA:67,1
DA:69,1
DA:71,0
DA:73,0
DA:75,0
DA:80,1
DA:82,1
DA:83,1
DA:84,2
DA:85,1
DA:86,1
DA:88,1
[...]
DA:429,2
DA:431,1
DA:436,1
DA:437,3
DA:438,1
DA:439,1
DA:440,3
DA:444,1
DA:446,1
DA:447,1
DA:448,1
DA:450,1
DA:456,1
DA:459,1
DA:460,1
DA:462,3
DA:463,1
DA:467,1
DA:468,2
DA:469,3
DA:471,2
DA:478,1
DA:479,1
DA:480,3
DA:481,1
DA:487,1
DA:488,1
DA:491,1
DA:507,1
DA:509,1
DA:511,1
DA:512,1
DA:517,1
DA:518,3
DA:519,1
DA:520,1
DA:521,3
DA:525,1
DA:526,1
DA:527,1
DA:528,1
DA:530,3
DA:532,2
DA:533,1
DA:549,1
DA:551,1
DA:553,1
DA:554,1
DA:555,2
DA:562,0
DA:564,0
DA:565,0
DA:567,0
DA:568,0
DA:569,0
DA:574,1
DA:577,1
DA:578,2
DA:579,1
DA:580,1
DA:581,3
DA:585,3
DA:586,1
DA:587,1
DA:589,1
DA:590,0
DA:592,1
DA:593,1
DA:594,1
DA:597,1
DA:600,1
DA:601,1
DA:602,1
DA:603,3
DA:604,1
DA:622,0
DA:624,0
DA:625,0
DA:626,0
DA:627,0
DA:628,0
DA:631,0
DA:632,0
LF:211
LH:192
end_of_record
SF:lib/features/product_detail/widgets/pipeline_sections/formulation_detail_section.dart
DA:20,1
DA:21,1
DA:23,2
DA:24,2
DA:25,4
DA:28,3
DA:29,1
DA:35,2
DA:41,3
DA:43,3
DA:44,1
DA:45,1
DA:47,3
DA:48,3
DA:49,1
DA:50,2
DA:52,1
DA:53,2
DA:60,1
DA:61,1
DA:62,1
DA:63,3
DA:64,4
DA:65,1
DA:67,1
DA:68,0
DA:69,0
DA:70,0
DA:74,1
DA:76,1
DA:78,1
DA:79,1
DA:80,1
DA:83,1
DA:85,3
DA:87,1
DA:93,1
DA:94,1
DA:97,1
DA:99,1
DA:101,0
DA:103,0
DA:108,0
DA:112,0
DA:113,0
DA:118,0
DA:119,0
DA:120,0
DA:123,0
DA:124,0
DA:127,0
DA:137,0
DA:140,2
DA:142,1
DA:144,1
DA:145,1
DA:146,1
DA:147,2
DA:149,1
DA:151,1
DA:152,1
DA:153,2
DA:156,3
DA:161,1
DA:163,3
DA:164,1
DA:168,1
DA:172,1
DA:173,2
DA:178,1
DA:179,1
DA:180,1
DA:183,1
DA:184,1
DA:188,1
DA:189,1
DA:190,1
DA:193,1
DA:198,1
DA:204,1
DA:206,0
DA:208,0
DA:213,0
DA:214,0
DA:216,0
DA:217,0
DA:218,0
DA:220,0
DA:222,0
DA:240,1
DA:242,1
DA:243,3
DA:244,1
DA:245,3
DA:247,1
DA:248,1
DA:249,0
DA:250,1
DA:251,1
DA:252,2
DA:253,1
DA:261,1
DA:263,1
DA:265,1
DA:266,1
DA:267,1
DA:268,1
DA:269,1
DA:270,1
DA:271,3
DA:272,1
DA:276,1
DA:277,1
DA:278,3
DA:282,2
DA:284,1
DA:286,1
DA:287,1
DA:288,1
DA:290,1
DA:291,1
DA:292,1
DA:295,1
LF:123
LH:98
end_of_record
SF:lib/features/product_detail/widgets/pipeline_sections/manufacturer_violations_section.dart
DA:35,2
DA:37,2
DA:39,2
DA:42,0
DA:43,0
DA:44,0
DA:45,0
DA:47,0
DA:48,0
DA:51,0
DA:52,0
DA:53,0
DA:55,0
DA:56,0
DA:59,0
DA:60,0
DA:62,0
DA:65,0
DA:67,0
DA:69,0
DA:70,0
DA:71,0
DA:72,0
DA:74,0
DA:76,0
DA:78,0
DA:82,0
DA:84,0
DA:85,0
DA:86,0
DA:88,0
DA:89,0
DA:90,0
DA:93,0
DA:100,0
DA:102,0
DA:103,0
DA:107,0
DA:108,0
DA:109,0
DA:110,0
DA:111,0
DA:115,0
DA:116,0
DA:117,0
DA:118,0
DA:122,0
DA:123,0
DA:124,0
DA:127,0
DA:129,0
DA:131,0
DA:132,0
DA:133,0
DA:134,0
DA:135,0
DA:136,0
DA:137,0
DA:138,0
DA:141,0
DA:143,0
DA:144,0
DA:145,0
DA:146,0
DA:151,0
DA:152,0
DA:153,0
DA:155,0
DA:156,0
DA:157,0
DA:166,0
DA:167,0
DA:168,0
DA:171,0
DA:176,0
DA:177,0
DA:179,0
DA:180,0
DA:185,0
DA:187,0
DA:189,0
DA:190,0
DA:195,0
DA:197,0
DA:198,0
DA:199,0
DA:200,0
DA:210,0
DA:212,0
DA:213,0
DA:214,0
DA:215,0
LF:92
LH:3
end_of_record
SF:lib/features/product_detail/widgets/pipeline_sections/probiotic_detail_section.dart
DA:28,2
DA:32,1
DA:33,2
DA:34,1
DA:35,2
DA:36,1
DA:37,1
DA:38,2
DA:39,1
DA:40,3
DA:49,1
DA:50,2
DA:51,1
DA:52,1
DA:53,2
DA:54,1
DA:55,1
DA:57,0
DA:58,0
DA:59,0
DA:60,0
DA:63,3
DA:65,3
DA:66,1
DA:69,2
DA:70,2
DA:72,3
DA:73,2
DA:74,1
DA:75,1
DA:80,1
DA:81,2
DA:83,1
DA:84,4
DA:88,2
DA:91,2
DA:95,1
DA:96,1
DA:100,2
DA:101,2
DA:105,2
DA:109,1
DA:111,1
DA:113,1
DA:114,1
DA:115,1
DA:118,1
DA:120,3
DA:122,1
DA:129,1
DA:132,1
DA:133,1
DA:134,1
DA:135,1
DA:136,3
DA:137,1
DA:138,1
DA:140,2
DA:143,0
DA:145,1
DA:147,1
DA:153,2
DA:155,3
DA:156,2
DA:157,2
DA:158,2
DA:159,2
DA:160,1
DA:168,2
DA:170,3
DA:171,2
DA:172,1
DA:189,1
DA:191,1
DA:193,1
DA:194,0
DA:195,0
DA:197,0
DA:199,0
DA:200,0
DA:201,0
DA:203,0
DA:204,0
DA:209,0
DA:210,0
DA:212,0
DA:222,1
DA:230,1
DA:232,1
DA:233,1
DA:234,1
DA:236,1
DA:238,1
DA:239,1
DA:240,1
DA:241,1
DA:242,2
DA:244,2
DA:245,1
DA:246,1
DA:247,1
DA:248,3
DA:249,1
DA:251,1
DA:253,1
DA:254,2
DA:255,1
DA:256,0
DA:258,0
DA:261,0
DA:264,3
DA:265,1
DA:266,2
DA:267,1
DA:270,1
DA:277,2
DA:278,1
DA:280,1
DA:281,1
DA:282,3
DA:283,1
DA:296,2
DA:298,1
DA:300,2
DA:301,1
DA:303,1
DA:304,1
DA:305,1
DA:307,1
DA:309,1
DA:310,1
DA:311,2
DA:312,1
DA:315,1
DA:318,1
DA:319,1
DA:320,1
DA:323,1
LF:138
LH:119
end_of_record
SF:lib/features/product_detail/widgets/pipeline_sections/synergy_detail_section.dart
DA:37,3
DA:42,2
DA:45,4
DA:46,2
DA:47,2
DA:48,2
DA:49,2
DA:50,2
DA:51,3
DA:52,4
DA:53,2
DA:54,3
DA:55,2
DA:56,1
DA:58,2
DA:59,1
DA:61,1
DA:62,1
DA:63,3
DA:64,3
DA:65,1
DA:67,4
DA:70,3
DA:72,3
DA:73,2
DA:74,2
DA:75,4
DA:77,2
DA:82,2
DA:83,2
DA:85,2
DA:87,2
DA:89,2
DA:92,2
DA:93,2
DA:94,4
DA:96,2
DA:98,6
DA:100,2
DA:106,2
DA:109,4
DA:111,4
DA:112,0
DA:114,4
DA:116,8
DA:117,4
DA:118,0
DA:119,2
DA:120,2
DA:121,2
DA:130,2
DA:135,2
DA:136,4
DA:137,2
DA:138,2
DA:139,4
DA:143,2
DA:145,2
DA:146,2
DA:148,6
DA:150,2
DA:154,2
DA:157,4
DA:163,2
DA:173,1
DA:181,1
DA:183,1
DA:184,1
DA:185,1
DA:186,1
DA:188,1
DA:195,1
DA:198,1
DA:199,1
DA:201,1
DA:202,1
DA:203,1
DA:205,3
DA:207,1
DA:211,2
DA:213,1
DA:218,1
DA:219,1
DA:220,1
DA:222,1
DA:224,1
DA:227,1
DA:234,0
DA:236,0
DA:238,0
DA:239,0
DA:244,2
DA:248,1
DA:250,3
DA:251,1
DA:256,2
DA:258,1
DA:259,4
DA:260,3
DA:261,1
LF:100
LH:94
end_of_record
SF:lib/services/warnings/profile_gate_summary_filter.dart
DA:44,1
DA:50,1
DA:52,1
DA:53,2
DA:54,1
DA:55,1
DA:56,3
DA:59,1
DA:67,1
DA:68,2
DA:69,1
DA:70,1
DA:71,1
DA:72,1
DA:73,1
DA:74,1
DA:78,2
DA:86,1
DA:92,1
DA:94,1
DA:95,2
DA:96,1
DA:97,1
DA:98,3
DA:101,1
DA:103,1
DA:104,2
DA:105,1
DA:106,1
DA:107,1
DA:108,1
DA:109,1
DA:110,1
DA:114,2
LF:34
LH:34
end_of_record
SF:lib/services/medications/rxnorm_api_service.dart
DA:41,2
DA:51,0
DA:54,0
DA:55,0
DA:56,0
DA:57,0
DA:59,0
DA:60,0
DA:68,1
DA:90,0
DA:91,0
DA:93,0
DA:94,0
DA:95,0
DA:96,0
DA:97,0
DA:98,0
DA:99,0
DA:103,0
DA:105,0
DA:110,2
DA:143,2
DA:144,2
DA:145,4
DA:147,4
DA:148,2
DA:151,2
DA:152,6
DA:155,2
DA:157,2
DA:161,2
DA:162,2
DA:169,1
DA:170,1
DA:171,1
DA:173,2
DA:174,1
DA:177,1
DA:178,3
DA:181,1
DA:183,1
DA:189,1
DA:190,1
DA:191,1
DA:192,1
DA:193,1
DA:194,2
DA:195,2
DA:199,0
DA:203,1
DA:217,2
DA:218,2
DA:219,2
DA:221,2
DA:222,2
DA:230,2
DA:231,4
DA:233,2
DA:234,4
DA:237,2
DA:238,2
DA:244,4
DA:245,4
DA:247,2
DA:248,2
DA:254,1
DA:255,1
DA:256,1
DA:258,1
DA:259,1
DA:262,3
DA:263,1
DA:265,1
DA:271,1
DA:272,1
DA:273,1
DA:274,1
DA:275,1
DA:276,2
DA:277,1
DA:280,2
DA:281,1
DA:283,3
DA:288,0
DA:292,1
DA:311,1
DA:312,1
DA:313,1
DA:315,1
DA:316,1
DA:319,3
DA:320,1
DA:322,1
DA:326,0
DA:328,0
DA:329,0
DA:330,0
DA:331,0
DA:332,0
DA:333,0
DA:334,0
DA:335,0
DA:336,0
DA:337,0
DA:338,0
DA:339,0
DA:340,0
DA:341,0
DA:342,0
DA:343,0
DA:344,0
DA:351,0
DA:355,0
DA:361,0
DA:362,0
DA:363,0
DA:374,2
DA:375,2
DA:377,6
DA:378,10
DA:386,2
DA:388,2
DA:389,2
DA:390,2
DA:391,2
DA:392,2
DA:393,2
DA:395,2
DA:397,4
DA:398,2
DA:399,4
DA:400,2
DA:401,2
DA:402,4
DA:403,2
DA:404,4
DA:405,2
DA:406,4
DA:408,10
DA:410,1
DA:422,2
DA:424,2
DA:425,2
DA:426,2
DA:427,2
DA:428,2
DA:429,2
DA:431,2
DA:433,4
DA:434,2
DA:435,2
DA:436,2
DA:437,4
DA:438,2
DA:439,2
DA:440,4
DA:443,0
DA:450,2
DA:451,2
DA:453,4
DA:454,4
DA:455,2
DA:462,2
DA:463,4
DA:465,2
DA:466,2
DA:470,2
DA:471,4
DA:472,4
DA:473,8
DA:474,5
DA:481,2
DA:483,2
DA:484,4
DA:485,8
DA:486,2
DA:488,8
DA:489,4
DA:493,1
DA:494,4
DA:496,1
DA:497,1
DA:506,2
DA:507,2
DA:509,4
DA:516,1
DA:517,2
LF:187
LH:143
end_of_record
SF:lib/features/medications/medication_entry_screen.dart
DA:48,0
DA:50,1
DA:52,1
DA:82,1
DA:84,2
DA:85,2
DA:86,2
DA:87,2
DA:88,1
DA:91,4
DA:97,1
DA:98,2
DA:99,1
DA:100,2
DA:101,1
DA:102,1
DA:103,1
DA:104,1
DA:105,1
DA:108,2
DA:109,2
DA:110,1
DA:111,1
DA:116,3
DA:117,3
DA:118,1
DA:122,1
DA:123,2
DA:124,2
DA:125,3
DA:127,2
DA:128,1
DA:129,1
DA:132,1
DA:133,1
DA:137,1
DA:138,2
DA:139,1
DA:140,2
DA:141,1
DA:142,2
DA:150,1
DA:151,2
DA:152,2
DA:153,2
DA:154,1
DA:155,1
DA:156,1
DA:157,1
DA:158,3
DA:159,3
DA:160,3
DA:162,1
DA:163,1
DA:166,3
DA:167,3
DA:171,1
DA:173,2
DA:174,1
DA:175,1
DA:176,1
DA:177,1
DA:178,2
DA:179,1
DA:183,1
DA:184,2
DA:185,2
DA:186,1
DA:187,2
DA:188,3
DA:189,3
DA:190,4
DA:192,1
DA:193,1
DA:199,1
DA:201,2
DA:202,2
DA:206,1
DA:208,1
DA:209,3
DA:210,6
DA:211,1
DA:218,1
DA:219,1
DA:220,1
DA:221,1
DA:222,3
DA:223,2
DA:225,1
DA:226,1
DA:227,3
DA:229,3
DA:230,1
DA:231,1
DA:232,1
DA:233,1
DA:234,1
DA:235,1
DA:236,4
DA:238,0
DA:239,4
DA:241,0
DA:244,1
DA:248,3
DA:249,1
DA:250,3
DA:258,2
DA:259,1
DA:260,0
DA:262,3
DA:270,1
DA:272,1
DA:274,1
DA:275,1
DA:278,1
DA:279,1
DA:280,1
DA:281,1
DA:282,1
DA:284,1
DA:285,1
DA:287,1
DA:290,1
DA:291,1
DA:294,5
DA:296,1
DA:298,3
DA:299,2
DA:303,1
DA:304,1
DA:305,1
DA:306,1
DA:307,1
DA:308,1
DA:311,1
DA:316,1
DA:323,1
DA:324,1
DA:326,1
DA:328,1
DA:329,1
DA:332,2
DA:335,1
DA:336,1
DA:339,3
DA:340,2
DA:349,1
DA:350,1
DA:357,2
DA:358,1
DA:361,1
DA:362,1
DA:363,1
DA:365,1
DA:366,3
DA:367,2
DA:368,1
DA:369,1
DA:370,1
DA:371,1
DA:372,1
DA:373,3
DA:378,1
DA:380,2
DA:390,4
DA:393,1
DA:395,1
DA:403,2
DA:405,1
DA:414,1
DA:415,1
DA:418,1
DA:419,1
DA:421,1
DA:424,3
DA:425,2
DA:429,1
DA:432,1
DA:433,1
DA:434,1
DA:435,2
DA:436,2
DA:437,2
DA:445,0
DA:446,0
DA:447,0
DA:448,0
DA:449,0
DA:450,0
DA:451,0
DA:452,0
DA:453,0
DA:454,0
DA:455,0
DA:459,1
DA:460,1
DA:461,1
DA:464,1
DA:465,1
DA:467,1
DA:468,1
DA:469,1
DA:470,1
DA:472,3
DA:473,2
DA:479,1
DA:481,3
DA:482,2
DA:489,1
DA:490,1
DA:491,3
DA:495,1
DA:496,0
DA:498,0
DA:500,0
DA:501,0
DA:505,3
DA:507,1
DA:508,4
DA:509,3
DA:510,2
DA:519,1
DA:520,1
DA:522,1
DA:523,1
DA:525,3
DA:530,1
DA:532,3
DA:533,2
DA:537,1
DA:539,1
DA:547,1
DA:549,1
DA:560,1
DA:561,1
DA:568,1
DA:569,2
DA:570,1
DA:571,1
DA:572,3
DA:576,1
DA:579,1
DA:581,2
DA:582,1
LF:244
LH:225
end_of_record
SF:lib/services/medications/rxnorm_providers.dart
DA:23,3
DA:24,0
DA:25,0
LF:3
LH:1
end_of_record
SF:lib/services/catalog_swap.dart
DA:24,1
DA:35,0
DA:40,1
DA:50,1
DA:60,1
DA:68,0
DA:69,0
DA:70,0
DA:71,0
DA:72,0
DA:88,1
DA:91,2
DA:93,2
DA:97,3
DA:101,0
DA:105,2
DA:107,2
DA:112,2
DA:114,2
DA:118,1
DA:119,0
DA:128,1
DA:132,2
LF:23
LH:15
end_of_record
SF:lib/features/splash/animated_splash_screen.dart
DA:32,1
DA:34,1
DA:35,1
DA:64,1
DA:66,1
DA:67,2
DA:72,2
DA:75,3
DA:76,2
DA:79,3
DA:82,1
DA:84,1
DA:85,1
DA:86,1
DA:87,2
DA:90,2
DA:92,5
DA:96,1
DA:97,1
DA:98,5
DA:101,1
DA:103,2
DA:104,1
DA:107,1
DA:109,1
DA:116,1
DA:117,1
DA:125,1
DA:126,1
DA:127,1
DA:128,1
DA:129,1
DA:130,2
DA:131,1
DA:132,2
DA:133,1
DA:134,1
DA:135,1
DA:136,1
DA:137,1
DA:143,1
LF:41
LH:41
end_of_record
SF:lib/features/search/search_screen.dart
DA:35,1
DA:37,1
DA:38,1
DA:56,1
DA:58,1
DA:59,3
DA:60,1
DA:61,1
DA:62,0
DA:63,0
DA:65,2
DA:66,0
DA:70,0
DA:71,0
DA:72,0
DA:73,0
DA:74,0
DA:79,1
DA:80,3
DA:82,1
DA:83,2
DA:84,4
DA:87,0
DA:88,0
DA:89,0
DA:90,0
DA:95,0
DA:96,0
DA:97,0
DA:98,0
DA:102,1
DA:104,2
DA:105,2
DA:106,1
DA:109,1
DA:110,1
DA:111,2
DA:112,1
DA:113,3
DA:114,1
DA:117,2
DA:118,0
DA:119,0
DA:120,0
DA:122,0
DA:123,0
DA:128,3
DA:129,3
DA:130,2
DA:134,1
DA:135,2
DA:136,3
DA:139,1
DA:140,2
DA:141,1
DA:142,2
DA:143,1
DA:144,1
DA:146,1
DA:147,2
DA:148,1
DA:150,0
DA:151,0
DA:152,0
DA:153,0
DA:154,0
DA:155,0
DA:160,1
DA:161,2
DA:162,2
DA:163,2
DA:164,1
DA:165,1
DA:166,1
DA:167,1
DA:168,1
DA:169,1
DA:173,1
DA:175,1
DA:176,1
DA:177,1
DA:179,1
DA:180,1
DA:182,1
DA:183,1
DA:185,1
DA:192,1
DA:193,1
DA:194,1
DA:195,1
DA:197,1
DA:199,0
DA:201,1
DA:202,1
DA:203,1
DA:205,1
DA:206,2
DA:207,1
DA:208,1
DA:211,1
DA:213,1
DA:227,1
DA:228,1
DA:230,1
DA:236,2
DA:237,2
DA:238,1
DA:240,1
DA:241,1
DA:242,1
DA:243,3
DA:244,0
DA:245,0
DA:247,1
DA:248,1
DA:253,2
DA:254,3
DA:255,2
DA:256,1
DA:258,1
DA:259,1
DA:261,0
DA:262,0
DA:266,0
DA:277,1
DA:278,1
DA:279,3
DA:280,1
DA:289,1
DA:290,3
DA:291,0
DA:292,0
DA:293,0
DA:295,3
DA:296,1
DA:297,3
DA:298,1
DA:301,1
DA:302,2
DA:303,0
DA:304,0
DA:305,0
DA:313,0
DA:314,0
DA:316,0
DA:317,0
DA:319,0
DA:321,0
DA:324,0
DA:325,0
DA:326,0
DA:327,0
DA:334,0
DA:335,0
DA:337,0
DA:344,0
DA:345,0
DA:346,0
DA:348,0
DA:349,0
DA:350,0
DA:353,0
DA:356,0
DA:357,0
DA:359,0
DA:364,0
DA:365,0
DA:368,0
DA:371,0
DA:372,0
DA:373,0
DA:385,1
DA:387,1
DA:388,1
DA:397,1
DA:398,0
DA:407,0
DA:408,0
DA:409,0
DA:410,0
DA:412,0
DA:414,0
DA:415,0
DA:416,0
DA:424,0
DA:425,0
DA:436,1
DA:437,2
DA:438,1
DA:440,1
DA:441,1
DA:443,1
DA:450,1
DA:451,1
DA:452,1
DA:453,1
DA:454,1
DA:455,3
DA:456,1
DA:463,1
DA:465,1
DA:466,1
DA:469,1
DA:470,0
DA:473,1
DA:476,1
DA:477,0
DA:486,1
DA:487,2
DA:493,1
DA:494,3
DA:495,1
DA:496,1
DA:499,1
DA:500,2
DA:505,1
DA:507,3
DA:511,0
DA:512,0
DA:513,0
DA:525,0
DA:526,0
DA:530,1
DA:531,1
DA:532,0
DA:533,1
DA:535,0
DA:536,0
DA:538,2
DA:539,4
DA:542,1
DA:543,3
DA:544,1
DA:545,1
DA:546,1
DA:549,1
DA:550,1
DA:551,1
DA:554,1
DA:555,2
DA:556,2
DA:557,1
DA:558,1
DA:559,1
DA:565,1
DA:566,1
DA:567,2
DA:568,1
DA:569,3
DA:570,2
DA:572,2
DA:581,1
DA:583,1
DA:585,1
DA:614,1
DA:616,1
DA:618,1
DA:619,0
DA:620,1
DA:621,2
DA:622,1
DA:623,1
DA:624,1
DA:625,1
DA:626,1
DA:627,2
DA:628,2
DA:633,1
DA:634,6
DA:635,1
DA:636,1
DA:637,4
DA:639,1
DA:640,1
LF:274
LH:184
end_of_record
SF:lib/services/recent_searches_service.dart
DA:11,1
DA:12,1
DA:13,0
DA:18,0
DA:19,0
DA:20,0
DA:22,0
DA:23,0
DA:26,0
DA:29,0
DA:32,0
DA:33,0
DA:36,0
DA:40,0
DA:41,0
DA:42,0
DA:43,0
DA:44,0
DA:48,0
DA:49,0
DA:50,0
DA:55,3
DA:56,2
LF:23
LH:4
end_of_record
SF:lib/core/widgets/product_list_item.dart
DA:18,1
DA:27,1
DA:29,1
DA:30,1
DA:31,2
DA:34,1
DA:35,1
DA:36,2
DA:37,2
DA:38,1
DA:40,1
DA:43,3
DA:44,1
DA:46,1
DA:47,0
DA:48,2
DA:49,2
DA:50,1
DA:51,1
DA:52,1
DA:53,1
DA:55,1
DA:57,1
DA:58,2
DA:59,2
DA:60,2
DA:61,2
DA:62,2
DA:63,2
DA:69,1
DA:72,1
DA:73,1
DA:76,1
DA:77,1
DA:78,2
DA:79,3
DA:82,1
DA:87,2
DA:88,4
DA:90,1
DA:91,2
DA:92,3
DA:93,1
DA:100,2
DA:101,4
DA:103,1
DA:104,1
DA:105,3
DA:106,2
DA:107,4
DA:109,1
DA:110,1
DA:111,2
DA:112,3
DA:113,1
DA:128,1
DA:130,1
DA:147,0
DA:149,0
DA:151,0
DA:152,0
DA:153,0
DA:156,0
DA:157,0
DA:158,0
DA:159,0
DA:160,0
DA:162,0
DA:165,0
DA:166,0
DA:167,0
DA:169,0
DA:171,0
DA:173,0
DA:175,0
DA:176,0
DA:177,0
DA:178,0
DA:179,0
DA:180,0
DA:181,0
DA:182,0
DA:187,0
DA:189,0
DA:190,0
DA:195,0
DA:196,0
DA:197,0
DA:200,0
DA:206,0
DA:208,0
DA:209,0
DA:210,0
DA:211,0
LF:94
LH:56
end_of_record
SF:lib/features/product_detail/widgets/for_you_section.dart
DA:71,1
DA:79,2
DA:81,4
DA:88,4
DA:89,4
DA:90,4
DA:91,4
DA:95,4
DA:99,2
DA:100,3
DA:107,4
DA:109,2
DA:112,2
DA:114,2
DA:115,4
DA:116,6
DA:118,4
DA:120,2
DA:121,4
DA:122,3
DA:124,1
DA:126,6
DA:128,3
DA:135,1
DA:145,1
DA:148,2
DA:149,2
DA:150,4
DA:151,4
DA:152,4
DA:154,4
DA:159,2
DA:163,7
DA:164,8
DA:175,2
DA:177,2
DA:179,2
DA:180,2
DA:181,2
DA:182,2
DA:183,2
DA:184,2
DA:186,6
DA:188,2
DA:192,2
DA:193,2
DA:195,2
DA:200,2
DA:201,4
DA:202,2
DA:204,2
DA:206,2
DA:207,2
DA:210,2
DA:213,2
DA:215,6
DA:218,2
DA:236,2
DA:238,2
DA:240,2
DA:241,2
DA:242,2
DA:245,2
DA:246,2
DA:247,4
DA:249,2
DA:250,2
DA:251,2
DA:252,4
DA:254,2
DA:255,2
DA:256,6
DA:257,2
DA:263,2
DA:269,2
DA:270,2
DA:272,2
DA:273,2
DA:274,6
DA:275,12
DA:276,2
DA:288,2
DA:290,2
DA:292,2
DA:293,4
DA:295,2
DA:297,2
DA:298,2
DA:300,2
DA:301,2
DA:303,6
DA:305,2
DA:314,2
DA:317,8
DA:318,4
DA:319,2
DA:321,2
DA:323,1
DA:326,2
DA:328,1
DA:331,2
DA:333,1
DA:336,2
DA:341,2
DA:346,2
DA:361,1
DA:363,1
DA:365,1
DA:367,1
DA:368,2
DA:369,1
DA:370,4
DA:379,1
DA:381,1
DA:383,1
DA:384,1
DA:385,3
DA:386,4
DA:387,3
DA:388,2
DA:390,1
DA:395,1
DA:396,1
DA:397,1
DA:398,2
DA:400,1
DA:402,1
DA:403,1
DA:405,4
DA:408,1
DA:409,1
DA:411,1
DA:412,1
DA:413,3
DA:414,3
DA:421,1
DA:423,3
DA:424,1
DA:437,1
DA:438,1
DA:439,1
DA:440,1
DA:451,1
DA:453,1
DA:454,1
DA:460,1
DA:462,1
DA:463,1
DA:467,4
DA:469,1
DA:471,1
DA:472,1
DA:473,5
DA:475,1
DA:476,1
DA:477,1
DA:479,3
DA:481,1
DA:485,1
DA:486,1
DA:490,1
DA:495,1
DA:499,1
DA:500,1
DA:502,1
DA:504,1
DA:505,1
DA:506,1
DA:508,1
DA:510,1
DA:511,1
DA:513,1
DA:516,1
DA:517,1
DA:523,1
DA:524,1
DA:526,3
DA:527,1
DA:551,2
DA:553,2
DA:555,2
DA:556,2
DA:557,2
DA:559,2
DA:561,2
DA:562,2
DA:563,4
DA:565,2
DA:566,2
DA:568,2
DA:569,2
DA:571,6
DA:573,2
DA:577,2
DA:579,6
DA:580,2
DA:586,2
DA:589,2
LF:198
LH:198
end_of_record
SF:lib/features/scanner/scanner_logic.dart
DA:17,1
DA:18,2
DA:19,1
DA:21,1
DA:22,1
DA:24,1
DA:25,1
DA:26,1
DA:28,1
DA:30,1
DA:31,1
LF:11
LH:11
end_of_record
SF:lib/features/scanner/manual_barcode_sheet.dart
DA:19,0
DA:20,0
DA:22,0
DA:27,2
DA:29,0
DA:30,0
DA:37,0
DA:39,0
DA:40,0
DA:43,0
DA:44,0
DA:45,0
DA:48,0
DA:49,0
DA:52,0
DA:53,0
DA:54,0
DA:57,0
DA:59,0
DA:60,0
DA:62,0
DA:63,0
DA:67,0
DA:69,0
DA:72,0
DA:73,0
DA:75,0
DA:80,0
DA:82,0
DA:83,0
DA:88,0
DA:89,0
DA:92,0
DA:93,0
DA:94,0
DA:96,0
DA:98,0
DA:99,0
DA:104,0
DA:108,0
DA:109,0
DA:112,0
DA:114,0
DA:115,0
DA:119,0
DA:121,0
DA:122,0
LF:47
LH:1
end_of_record
SF:lib/features/scanner/scanner_screen.dart
DA:21,0
DA:23,0
DA:24,0
DA:55,0
DA:57,0
DA:58,0
DA:61,0
DA:62,0
DA:64,0
DA:65,0
DA:67,0
DA:68,0
DA:69,0
DA:71,0
DA:74,0
DA:75,0
DA:78,0
DA:79,0
DA:82,0
DA:83,0
DA:85,0
DA:87,0
DA:92,0
DA:93,0
DA:94,0
DA:95,0
DA:96,0
DA:97,0
DA:99,0
DA:100,0
DA:102,0
DA:104,0
DA:113,0
DA:114,0
DA:115,0
DA:120,0
DA:129,0
DA:131,0
DA:132,0
DA:133,0
DA:134,0
DA:137,0
DA:139,0
DA:141,0
DA:142,0
DA:145,0
DA:146,0
DA:150,0
DA:151,0
DA:152,0
DA:153,0
DA:155,0
DA:156,0
DA:157,0
DA:159,0
DA:160,0
DA:161,0
DA:164,0
DA:166,0
DA:167,0
DA:174,0
DA:175,0
DA:176,0
DA:177,0
DA:180,0
DA:182,0
DA:183,0
DA:184,0
DA:186,0
DA:188,0
DA:189,0
DA:190,0
DA:192,0
DA:194,0
DA:196,0
DA:205,0
DA:207,0
DA:215,0
DA:216,0
DA:218,0
DA:220,0
DA:221,0
DA:222,0
DA:223,0
DA:242,0
DA:249,0
DA:251,0
DA:252,0
DA:254,0
DA:260,0
DA:265,0
DA:269,0
DA:271,0
DA:280,0
DA:285,0
DA:286,0
DA:296,0
DA:298,0
DA:299,0
DA:300,0
DA:301,0
DA:303,0
DA:304,0
DA:305,0
DA:306,0
DA:307,0
DA:324,2
DA:326,1
DA:328,1
DA:330,1
DA:331,1
DA:334,1
DA:335,1
DA:336,1
DA:337,1
DA:376,1
DA:383,1
DA:385,1
DA:386,1
DA:387,1
DA:394,1
DA:396,1
DA:397,1
DA:400,1
DA:401,1
DA:402,1
DA:411,1
DA:413,3
DA:419,1
DA:424,1
DA:425,1
DA:426,1
DA:428,1
DA:429,2
DA:430,3
DA:431,1
DA:437,1
DA:440,3
DA:441,1
DA:448,1
DA:450,1
DA:451,0
DA:452,0
DA:453,0
DA:467,1
DA:468,1
DA:469,1
DA:470,1
DA:471,1
DA:477,1
DA:478,1
DA:479,1
LF:152
LH:43
end_of_record
SF:lib/features/onboarding/onboarding_screen.dart
DA:22,1
DA:24,1
DA:25,1
DA:47,1
DA:48,3
DA:49,2
DA:54,0
DA:58,0
DA:60,0
DA:61,0
DA:62,0
DA:65,0
DA:66,0
DA:67,0
DA:70,0
DA:71,0
DA:72,0
DA:73,0
DA:76,0
DA:77,0
DA:78,0
DA:81,0
DA:82,0
DA:83,0
DA:84,0
DA:87,0
DA:88,0
DA:89,0
DA:90,0
DA:91,0
DA:92,0
DA:97,1
DA:99,2
DA:100,1
DA:103,1
DA:105,1
DA:106,1
DA:107,3
DA:109,1
DA:110,1
DA:111,1
DA:112,1
DA:114,1
DA:116,1
DA:123,1
DA:124,1
DA:125,1
DA:126,1
DA:133,1
DA:134,1
DA:135,1
DA:136,4
DA:137,1
DA:138,1
DA:139,1
DA:140,1
DA:141,1
DA:142,1
DA:144,1
DA:145,1
DA:151,1
DA:158,1
DA:160,1
DA:161,1
DA:162,2
DA:163,2
DA:164,1
DA:170,1
DA:172,1
DA:173,1
DA:174,1
DA:179,1
DA:180,1
DA:181,1
DA:187,1
DA:204,1
DA:206,1
DA:207,1
DA:209,1
DA:211,1
DA:213,1
DA:215,1
DA:217,1
DA:218,1
DA:219,1
DA:220,1
DA:221,2
DA:223,1
DA:224,1
DA:225,1
DA:231,1
DA:233,1
DA:234,1
DA:235,1
DA:236,1
DA:239,1
DA:240,1
DA:242,1
DA:244,1
DA:245,1
DA:247,3
DA:255,1
DA:256,1
DA:258,1
DA:259,1
DA:261,3
DA:266,1
DA:268,3
DA:279,1
DA:284,1
DA:285,2
DA:286,1
DA:288,1
DA:290,3
DA:291,1
DA:300,1
DA:302,3
DA:305,1
DA:311,1
DA:313,3
DA:314,1
DA:330,1
DA:332,1
DA:333,1
DA:335,1
DA:337,1
DA:339,1
DA:341,1
DA:343,1
DA:344,1
DA:345,1
DA:346,1
DA:347,1
DA:349,1
DA:350,1
DA:351,1
DA:357,1
DA:359,1
DA:360,1
DA:361,1
DA:368,1
DA:370,3
DA:378,1
DA:380,3
DA:385,1
DA:387,3
DA:388,1
DA:395,1
DA:397,3
DA:400,1
DA:406,1
DA:409,3
DA:410,1
DA:429,1
DA:434,1
DA:436,1
DA:437,1
DA:439,1
DA:441,1
DA:443,1
DA:444,1
DA:446,3
DA:449,1
DA:455,1
DA:457,3
DA:458,1
DA:464,1
DA:468,3
DA:469,3
DA:470,3
DA:471,1
DA:472,2
DA:474,0
DA:475,2
DA:476,1
DA:477,1
DA:479,0
DA:480,1
DA:482,3
DA:484,1
DA:487,1
DA:490,2
DA:491,1
DA:493,3
DA:494,1
DA:510,1
DA:512,1
DA:514,1
DA:515,1
DA:517,1
DA:519,1
DA:521,1
DA:523,1
DA:525,1
DA:526,1
DA:527,1
DA:528,1
DA:529,2
DA:531,1
DA:532,1
DA:533,1
DA:539,1
DA:541,1
DA:542,1
DA:543,1
DA:544,1
DA:547,1
DA:550,1
DA:552,3
DA:554,1
DA:560,1
DA:562,3
DA:567,1
DA:569,3
DA:570,1
DA:577,1
DA:579,3
DA:582,1
DA:603,1
DA:605,3
DA:606,1
DA:612,1
DA:613,1
DA:626,1
DA:628,1
DA:630,1
DA:631,1
DA:633,1
DA:636,1
DA:637,3
DA:639,1
DA:640,1
DA:641,3
DA:642,1
LF:234
LH:207
end_of_record
